#
# A fatal error has been detected by the Java Runtime Environment:
#
#  SIGSEGV (0xb) at pc=0x00007f83a9246731, pid=3532, tid=3552
#
# JRE version: OpenJDK Runtime Environment (11.0.10) (build 11.0.10+0-b96-7249189)
# Java VM: OpenJDK 64-Bit Server VM (11.0.10+0-b96-7249189, mixed mode, tiered, compressed oops, g1 gc, linux-amd64)
# Problematic frame:
# V  [libjvm.so+0x66f731]  PhaseIdealLoop::Dominators()+0x771
#
# Core dump will be written. Default location: Core dumps may be processed with "/usr/lib/systemd/systemd-coredump %P %u %g %s %t %c %h" (or dumping to /home/victor/Projects/h8urs_sleep_timer/android/core.3532)
#
# If you would like to submit a bug report, please visit:
#   https://bugreport.java.com/bugreport/crash.jsp
#

---------------  S U M M A R Y ------------

Command Line: --add-opens=java.base/java.util=ALL-UNNAMED --add-opens=java.base/java.lang=ALL-UNNAMED --add-opens=java.base/java.lang.invoke=ALL-UNNAMED --add-opens=java.prefs/java.util.prefs=ALL-UNNAMED -Xmx1536M -Dfile.encoding=UTF-8 -Duser.country=US -Duser.language=en -Duser.variant org.gradle.launcher.daemon.bootstrap.GradleDaemon 6.7

Host: Intel(R) Core(TM) i5-2500 CPU @ 3.30GHz, 4 cores, 15G, Arch Linux
Time: Wed Dec  1 16:34:23 2021 +03 elapsed time: 4.237670 seconds (0d 0h 0m 4s)

---------------  T H R E A D  ---------------

Current thread (0x00007f835c0ad800):  JavaThread "C2 CompilerThread1" daemon [_thread_in_native, id=3552, stack(0x00007f838119d000,0x00007f838129e000)]


Current CompileTask:
C2:   4237 1821       4       java.net.URLClassLoader$1::run (5 bytes)

Stack: [0x00007f838119d000,0x00007f838129e000],  sp=0x00007f8381298d30,  free space=1007k
Native frames: (J=compiled Java code, A=aot compiled Java code, j=interpreted, Vv=VM code, C=native code)
V  [libjvm.so+0x66f731]  PhaseIdealLoop::Dominators()+0x771
V  [libjvm.so+0x95d792]  PhaseIdealLoop::build_and_optimize(LoopOptsMode)+0x492
V  [libjvm.so+0x5a22fb]  Compile::optimize_loops(int&, PhaseIterGVN&, LoopOptsMode)+0x9b
V  [libjvm.so+0x59e7f0]  Compile::Optimize()+0x1110
V  [libjvm.so+0x59c129]  Compile::Compile(ciEnv*, C2Compiler*, ciMethod*, int, bool, bool, bool, DirectiveSet*)+0xf09
V  [libjvm.so+0x4fbdaa]  C2Compiler::compile_method(ciEnv*, ciMethod*, int, DirectiveSet*)+0xea
V  [libjvm.so+0x5ad90f]  CompileBroker::invoke_compiler_on_method(CompileTask*)+0x50f
V  [libjvm.so+0x5ad2ca]  CompileBroker::compiler_thread_loop()+0x3ca
V  [libjvm.so+0xbcc973]  JavaThread::thread_main_inner()+0xe3
V  [libjvm.so+0xbca448]  Thread::call_run()+0x68
V  [libjvm.so+0xa7d25e]  thread_native_entry(Thread*)+0x1be


siginfo: si_signo: 11 (SIGSEGV), si_code: 1 (SEGV_MAPERR), si_addr: 0x00007f860c8090c0

Register to memory mapping:

RAX=0x0000000000000050 is an unknown value
RBX=0x0000000058000c4c is an unknown value
RCX=0x00007f834cf1d3f0 points into unknown readable memory: 0x00007f834c0e7028 | 28 70 0e 4c 83 7f 00 00
RDX=0x00007f834cf1d3a0 points into unknown readable memory: 0x00007f834c0e6fb8 | b8 6f 0e 4c 83 7f 00 00
RSP=0x00007f8381298d30 is pointing into the stack for thread: 0x00007f835c0ad800
RBP=0x00007f8381298df0 is pointing into the stack for thread: 0x00007f835c0ad800
RSI=0x00007f834c0e6fb8 points into unknown readable memory: 0x00007f83a9da04f8 | f8 04 da a9 83 7f 00 00
RDI=0x00007f834c802e60 points into unknown readable memory: 0x0000000000000000 | 00 00 00 00 00 00 00 00
R8 =0x00007f834cedf7d0 points into unknown readable memory: 0x00007f8358289810 | 10 98 28 58 83 7f 00 00
R9 =0x0000000000000d46 is an unknown value
R10=0x0000000000000078 is an unknown value
R11=0x0 is NULL
R12=0x0000000000000d47 is an unknown value
R13=0x00007f835c1b5958 points into unknown readable memory: 0x00007f83a9d90f68 | 68 0f d9 a9 83 7f 00 00
R14=0x00007f834cedf830 points into unknown readable memory: 0x00007f834cedf7d0 | d0 f7 ed 4c 83 7f 00 00
R15=0x00007f834cedf780 points into unknown readable memory: 0x0000000000000000 | 00 00 00 00 00 00 00 00


Registers:
RAX=0x0000000000000050, RBX=0x0000000058000c4c, RCX=0x00007f834cf1d3f0, RDX=0x00007f834cf1d3a0
RSP=0x00007f8381298d30, RBP=0x00007f8381298df0, RSI=0x00007f834c0e6fb8, RDI=0x00007f834c802e60
R8 =0x00007f834cedf7d0, R9 =0x0000000000000d46, R10=0x0000000000000078, R11=0x0000000000000000
R12=0x0000000000000d47, R13=0x00007f835c1b5958, R14=0x00007f834cedf830, R15=0x00007f834cedf780
RIP=0x00007f83a9246731, EFLAGS=0x0000000000010206, CSGSFS=0x002b000000000033, ERR=0x0000000000000006
  TRAPNO=0x000000000000000e

Top of Stack: (sp=0x00007f8381298d30)
0x00007f8381298d30:   00007f83a9dc2fb8 00007f835c095030
0x00007f8381298d40:   00007f8300000200 00007f8358da9400
0x00007f8381298d50:   00007f834cc0e960 00007f834cc1c0f0
0x00007f8381298d60:   00007f8381298db0 00007f835c095030 

Instructions: (pc=0x00007f83a9246731)
0x00007f83a9246631:   09 00 00 89 de e8 d5 eb 3e 00 e9 30 ff ff ff 41
0x00007f83a9246641:   83 fc 03 7c 59 48 8b 45 c0 48 83 c0 fe b9 02 00
0x00007f83a9246651:   00 00 41 83 fc 03 0f 85 0b 02 00 00 a8 01 48 8b
0x00007f83a9246661:   5d d0 74 3a 48 8d 04 89 48 c1 e0 04 49 8b 4c 07
0x00007f83a9246671:   30 41 8b 54 07 08 48 8d 14 92 48 c1 e2 04 4c 01
0x00007f83a9246681:   fa 48 39 d1 74 0f 49 8d 14 07 48 83 c2 30 48 8b
0x00007f83a9246691:   49 30 48 89 0a 0f 57 c0 41 0f 11 44 07 40 48 8b
0x00007f83a92466a1:   43 10 48 8b 80 38 02 00 00 8b 40 28 48 8b 4d 98
0x00007f83a92466b1:   8b 04 81 48 8d 04 80 48 c1 e0 04 49 c7 44 07 30
0x00007f83a92466c1:   00 00 00 00 49 c7 44 07 10 00 00 00 00 0f 57 c0
0x00007f83a92466d1:   41 0f 11 44 07 40 41 83 fc 02 7c 73 49 8d 4f 50
0x00007f83a92466e1:   48 83 45 c0 ff eb 30 0f 1f 84 00 00 00 00 00 48
0x00007f83a92466f1:   8b 93 f8 09 00 00 48 8b 73 10 48 8b b6 38 02 00
0x00007f83a9246701:   00 8b 76 28 48 c7 04 f2 00 00 00 00 48 83 c1 50
0x00007f83a9246711:   48 83 45 c0 ff 74 38 48 8b 51 30 48 85 d2 74 cf
0x00007f83a9246721:   48 8b 32 48 8b bb f8 09 00 00 48 8b 19 8b 5b 28
0x00007f83a9246731:   48 89 34 df 48 8b 5d d0 48 8b 72 40 48 89 71 48
0x00007f83a9246741:   48 89 4a 40 48 83 c1 50 48 83 45 c0 ff 75 c8 49
0x00007f83a9246751:   01 c7 48 8b 43 10 8b b8 a8 01 00 00 83 c7 01 4c
0x00007f83a9246761:   8b b3 00 0a 00 00 48 c1 e7 03 31 db 31 f6 e8 cc
0x00007f83a9246771:   7f 49 00 4c 89 38 48 89 c1 48 83 c1 08 48 89 ca
0x00007f83a9246781:   eb 15 66 2e 0f 1f 84 00 00 00 00 00 0f 1f 00 48
0x00007f83a9246791:   39 d1 48 89 d1 73 3d 83 c3 01 eb 0c 0f 1f 00 48
0x00007f83a92467a1:   83 c0 08 48 39 c8 73 e7 48 8b 30 eb 07 66 90 48
0x00007f83a92467b1:   85 f6 74 eb 48 8b 3e 8b 7f 28 41 89 1c be 48 8b
0x00007f83a92467c1:   7e 40 48 8b 76 48 48 85 ff 74 e4 48 89 3a 48 83
0x00007f83a92467d1:   c2 08 eb db 48 8b 75 d0 48 8b 46 10 48 8b 8e f8
0x00007f83a92467e1:   09 00 00 48 8b 90 38 02 00 00 48 8b 80 40 02 00
0x00007f83a92467f1:   00 8b 40 28 48 89 14 c1 48 8b 86 00 0a 00 00 48
0x00007f83a9246801:   8b 4e 10 48 8b 89 40 02 00 00 8b 49 28 c7 04 88
0x00007f83a9246811:   01 00 00 00 66 0f 6f 85 60 ff ff ff 66 49 0f 7e
0x00007f83a9246821:   c6 49 83 3e 00 48 8b 9d 78 ff ff ff 74 14 48 89 


Stack slot to memory mapping:
stack at sp + 0 slots: 0x00007f83a9dc2fb8: <offset 0x00000000011ebfb8> in /opt/android-studio/jre/lib/server/libjvm.so at 0x00007f83a8bd7000
stack at sp + 1 slots: 0x00007f835c095030 points into unknown readable memory: 0x0000000700000006 | 06 00 00 00 07 00 00 00
stack at sp + 2 slots: 0x00007f8300000200 is an unknown value
stack at sp + 3 slots: 0x00007f8358da9400 points into unknown readable memory: 0x41f8ff363fe0423d | 3d 42 e0 3f 36 ff f8 41
stack at sp + 4 slots: 0x00007f834cc0e960 points into unknown readable memory: 0x00007f834cedf770 | 70 f7 ed 4c 83 7f 00 00
stack at sp + 5 slots: 0x00007f834cc1c0f0 points into unknown readable memory: 0x0000000000000000 | 00 00 00 00 00 00 00 00
stack at sp + 6 slots: 0x00007f8381298db0 is pointing into the stack for thread: 0x00007f835c0ad800
stack at sp + 7 slots: 0x00007f835c095030 points into unknown readable memory: 0x0000000700000006 | 06 00 00 00 07 00 00 00


---------------  P R O C E S S  ---------------

Threads class SMR info:
_java_thread_list=0x00007f8320203300, length=23, elements={
0x00007f83a4016800, 0x00007f83a419e800, 0x00007f83a41a3000, 0x00007f83a41b8000,
0x00007f83a41ba000, 0x00007f83a41bc000, 0x00007f83a41be000, 0x00007f83a41c0000,
0x00007f83a4245800, 0x00007f835c0ad800, 0x00007f83a52e8000, 0x00007f83a5351000,
0x00007f83a539f000, 0x00007f832c014800, 0x00007f8324004000, 0x00007f8324007000,
0x00007f8324009000, 0x00007f8320005800, 0x00007f832000f000, 0x00007f8320019000,
0x00007f832017e000, 0x00007f8320186000, 0x00007f8320207800
}

Java Threads: ( => current thread )
  0x00007f83a4016800 JavaThread "main" [_thread_blocked, id=3534, stack(0x00007f83a8992000,0x00007f83a8a93000)]
  0x00007f83a419e800 JavaThread "Reference Handler" daemon [_thread_blocked, id=3543, stack(0x00007f83882b3000,0x00007f83883b4000)]
  0x00007f83a41a3000 JavaThread "Finalizer" daemon [_thread_blocked, id=3544, stack(0x00007f83881b2000,0x00007f83882b3000)]
  0x00007f83a41b8000 JavaThread "Signal Dispatcher" daemon [_thread_blocked, id=3545, stack(0x00007f83880b1000,0x00007f83881b2000)]
  0x00007f83a41ba000 JavaThread "Service Thread" daemon [_thread_blocked, id=3546, stack(0x00007f8381bc9000,0x00007f8381cca000)]
  0x00007f83a41bc000 JavaThread "C2 CompilerThread0" daemon [_thread_in_native, id=3547, stack(0x00007f8381ac8000,0x00007f8381bc9000)]
  0x00007f83a41be000 JavaThread "C1 CompilerThread0" daemon [_thread_blocked, id=3548, stack(0x00007f83819c7000,0x00007f8381ac8000)]
  0x00007f83a41c0000 JavaThread "Sweeper thread" daemon [_thread_blocked, id=3549, stack(0x00007f83818c6000,0x00007f83819c7000)]
  0x00007f83a4245800 JavaThread "Common-Cleaner" daemon [_thread_blocked, id=3550, stack(0x00007f83817c5000,0x00007f83818c6000)]
=>0x00007f835c0ad800 JavaThread "C2 CompilerThread1" daemon [_thread_in_native, id=3552, stack(0x00007f838119d000,0x00007f838129e000)]
  0x00007f83a52e8000 JavaThread "Daemon health stats" [_thread_blocked, id=3558, stack(0x00007f833feff000,0x00007f8340000000)]
  0x00007f83a5351000 JavaThread "Incoming local TCP Connector on port 44467" [_thread_in_native, id=3559, stack(0x00007f833f9fb000,0x00007f833fafc000)]
  0x00007f83a539f000 JavaThread "Daemon periodic checks" [_thread_blocked, id=3560, stack(0x00007f833f8fa000,0x00007f833f9fb000)]
  0x00007f832c014800 JavaThread "Daemon" [_thread_blocked, id=3561, stack(0x00007f833f7f9000,0x00007f833f8fa000)]
  0x00007f8324004000 JavaThread "Handler for socket connection from /127.0.0.1:44467 to /127.0.0.1:60528" [_thread_in_native, id=3562, stack(0x00007f833f6f8000,0x00007f833f7f9000)]
  0x00007f8324007000 JavaThread "Cancel handler" [_thread_blocked, id=3563, stack(0x00007f833f3f7000,0x00007f833f4f8000)]
  0x00007f8324009000 JavaThread "Daemon worker" [_thread_in_Java, id=3564, stack(0x00007f833f2f6000,0x00007f833f3f7000)]
  0x00007f8320005800 JavaThread "Asynchronous log dispatcher for DefaultDaemonConnection: socket connection from /127.0.0.1:44467 to /127.0.0.1:60528" [_thread_blocked, id=3567, stack(0x00007f833f1f5000,0x00007f833f2f6000)]
  0x00007f832000f000 JavaThread "Stdin handler" [_thread_blocked, id=3568, stack(0x00007f833f0f4000,0x00007f833f1f5000)]
  0x00007f8320019000 JavaThread "Thread-8" [_thread_blocked, id=3569, stack(0x00007f833eff3000,0x00007f833f0f4000)]
  0x00007f832017e000 JavaThread "Cache worker for file hash cache (/home/victor/.gradle/caches/6.7/fileHashes)" [_thread_blocked, id=3570, stack(0x00007f833ecf2000,0x00007f833edf3000)]
  0x00007f8320186000 JavaThread "File lock request listener" [_thread_in_native, id=3571, stack(0x00007f833ebf1000,0x00007f833ecf2000)]
  0x00007f8320207800 JavaThread "Cache worker for journal cache (/home/victor/.gradle/caches/journal-1)" [_thread_blocked, id=3572, stack(0x00007f833eaf0000,0x00007f833ebf1000)]

Other Threads:
  0x00007f83a4196000 VMThread "VM Thread" [stack: 0x00007f83883b6000,0x00007f83884b6000] [id=3542]
  0x00007f83a424b000 WatcherThread [stack: 0x00007f83816c5000,0x00007f83817c5000] [id=3551]
  0x00007f83a402e000 GCTaskThread "GC Thread#0" [stack: 0x00007f8391347000,0x00007f8391447000] [id=3537]
  0x00007f8374001000 GCTaskThread "GC Thread#1" [stack: 0x00007f838109d000,0x00007f838119d000] [id=3553]
  0x00007f8374002800 GCTaskThread "GC Thread#2" [stack: 0x00007f8380f9b000,0x00007f838109b000] [id=3554]
  0x00007f8374004000 GCTaskThread "GC Thread#3" [stack: 0x00007f8380e99000,0x00007f8380f99000] [id=3555]
  0x00007f83a4055800 ConcurrentGCThread "G1 Main Marker" [stack: 0x00007f839050d000,0x00007f839060d000] [id=3538]
  0x00007f83a4057000 ConcurrentGCThread "G1 Conc#0" [stack: 0x00007f839040b000,0x00007f839050b000] [id=3539]
  0x00007f83a4130800 ConcurrentGCThread "G1 Refine#0" [stack: 0x00007f8388f00000,0x00007f8389000000] [id=3540]
  0x00007f83a4132800 ConcurrentGCThread "G1 Young RemSet Sampling" [stack: 0x00007f8388dfe000,0x00007f8388efe000] [id=3541]

Threads with active compile tasks:
C2 CompilerThread0   4249 1822   !   4       java.net.URLClassLoader$1::run (63 bytes)
C2 CompilerThread1   4249 1821       4       java.net.URLClassLoader$1::run (5 bytes)

VM state:not at safepoint (normal execution)

VM Mutex/Monitor currently owned by a thread: None

Heap address: 0x00000000a0000000, size: 1536 MB, Compressed Oops mode: 32-bit
Narrow klass base: 0x0000000000000000, Narrow klass shift: 3
Compressed class space size: 1073741824 Address: 0x0000000100000000

Heap:
 garbage-first heap   total 251904K, used 35239K [0x00000000a0000000, 0x0000000100000000)
  region size 1024K, 20 young (20480K), 1 survivors (1024K)
 Metaspace       used 23818K, capacity 24319K, committed 24496K, reserved 1071104K
  class space    used 3044K, capacity 3264K, committed 3328K, reserved 1048576K
Heap Regions: E=young(eden), S=young(survivor), O=old, HS=humongous(starts), HC=humongous(continues), CS=collection set, F=free, A=archive, TAMS=top-at-mark-start (previous, next)
|   0|0x00000000a0000000, 0x00000000a0100000, 0x00000000a0100000|100%| O|  |TAMS 0x00000000a0000000, 0x00000000a0000000| Untracked 
|   1|0x00000000a0100000, 0x00000000a0200000, 0x00000000a0200000|100%| O|  |TAMS 0x00000000a0100000, 0x00000000a0100000| Untracked 
|   2|0x00000000a0200000, 0x00000000a0300000, 0x00000000a0300000|100%| O|  |TAMS 0x00000000a0200000, 0x00000000a0200000| Untracked 
|   3|0x00000000a0300000, 0x00000000a0400000, 0x00000000a0400000|100%|HS|  |TAMS 0x00000000a0400000, 0x00000000a0300000| Complete 
|   4|0x00000000a0400000, 0x00000000a0500000, 0x00000000a0500000|100%|HC|  |TAMS 0x00000000a0500000, 0x00000000a0400000| Complete 
|   5|0x00000000a0500000, 0x00000000a0600000, 0x00000000a0600000|100%|HC|  |TAMS 0x00000000a0600000, 0x00000000a0500000| Complete 
|   6|0x00000000a0600000, 0x00000000a0700000, 0x00000000a0700000|100%| O|  |TAMS 0x00000000a0700000, 0x00000000a0600000| Untracked 
|   7|0x00000000a0700000, 0x00000000a0800000, 0x00000000a0800000|100%| O|  |TAMS 0x00000000a0800000, 0x00000000a0700000| Untracked 
|   8|0x00000000a0800000, 0x00000000a0900000, 0x00000000a0900000|100%| O|  |TAMS 0x00000000a088a400, 0x00000000a0800000| Untracked 
|   9|0x00000000a0900000, 0x00000000a0a00000, 0x00000000a0a00000|100%| O|  |TAMS 0x00000000a0900000, 0x00000000a0900000| Untracked 
|  10|0x00000000a0a00000, 0x00000000a0b00000, 0x00000000a0b00000|100%| O|  |TAMS 0x00000000a0a00000, 0x00000000a0a00000| Untracked 
|  11|0x00000000a0b00000, 0x00000000a0c00000, 0x00000000a0c00000|100%| O|  |TAMS 0x00000000a0b00000, 0x00000000a0b00000| Untracked 
|  12|0x00000000a0c00000, 0x00000000a0d00000, 0x00000000a0d00000|100%| O|  |TAMS 0x00000000a0c00000, 0x00000000a0c00000| Untracked 
|  13|0x00000000a0d00000, 0x00000000a0e00000, 0x00000000a0e00000|100%| O|  |TAMS 0x00000000a0d00000, 0x00000000a0d00000| Untracked 
|  14|0x00000000a0e00000, 0x00000000a0f00000, 0x00000000a0f00000|100%| O|  |TAMS 0x00000000a0e00000, 0x00000000a0e00000| Untracked 
|  15|0x00000000a0f00000, 0x00000000a0f96600, 0x00000000a1000000| 58%| O|  |TAMS 0x00000000a0f00000, 0x00000000a0f00000| Untracked 
|  16|0x00000000a1000000, 0x00000000a1000000, 0x00000000a1100000|  0%| F|  |TAMS 0x00000000a1000000, 0x00000000a1000000| Untracked 
|  17|0x00000000a1100000, 0x00000000a1100000, 0x00000000a1200000|  0%| F|  |TAMS 0x00000000a1100000, 0x00000000a1100000| Untracked 
|  18|0x00000000a1200000, 0x00000000a1200000, 0x00000000a1300000|  0%| F|  |TAMS 0x00000000a1200000, 0x00000000a1200000| Untracked 
|  19|0x00000000a1300000, 0x00000000a1300000, 0x00000000a1400000|  0%| F|  |TAMS 0x00000000a1300000, 0x00000000a1300000| Untracked 
|  20|0x00000000a1400000, 0x00000000a1400000, 0x00000000a1500000|  0%| F|  |TAMS 0x00000000a1400000, 0x00000000a1400000| Untracked 
|  21|0x00000000a1500000, 0x00000000a1500000, 0x00000000a1600000|  0%| F|  |TAMS 0x00000000a1500000, 0x00000000a1500000| Untracked 
|  22|0x00000000a1600000, 0x00000000a1600000, 0x00000000a1700000|  0%| F|  |TAMS 0x00000000a1600000, 0x00000000a1600000| Untracked 
|  23|0x00000000a1700000, 0x00000000a1700000, 0x00000000a1800000|  0%| F|  |TAMS 0x00000000a1700000, 0x00000000a1700000| Untracked 
|  24|0x00000000a1800000, 0x00000000a1800000, 0x00000000a1900000|  0%| F|  |TAMS 0x00000000a1800000, 0x00000000a1800000| Untracked 
|  25|0x00000000a1900000, 0x00000000a1900000, 0x00000000a1a00000|  0%| F|  |TAMS 0x00000000a1900000, 0x00000000a1900000| Untracked 
|  26|0x00000000a1a00000, 0x00000000a1a00000, 0x00000000a1b00000|  0%| F|  |TAMS 0x00000000a1a00000, 0x00000000a1a00000| Untracked 
|  27|0x00000000a1b00000, 0x00000000a1b00000, 0x00000000a1c00000|  0%| F|  |TAMS 0x00000000a1b00000, 0x00000000a1b00000| Untracked 
|  28|0x00000000a1c00000, 0x00000000a1c00000, 0x00000000a1d00000|  0%| F|  |TAMS 0x00000000a1c00000, 0x00000000a1c00000| Untracked 
|  29|0x00000000a1d00000, 0x00000000a1d00000, 0x00000000a1e00000|  0%| F|  |TAMS 0x00000000a1d00000, 0x00000000a1d00000| Untracked 
|  30|0x00000000a1e00000, 0x00000000a1e00000, 0x00000000a1f00000|  0%| F|  |TAMS 0x00000000a1e00000, 0x00000000a1e00000| Untracked 
|  31|0x00000000a1f00000, 0x00000000a1f00000, 0x00000000a2000000|  0%| F|  |TAMS 0x00000000a1f00000, 0x00000000a1f00000| Untracked 
|  32|0x00000000a2000000, 0x00000000a2000000, 0x00000000a2100000|  0%| F|  |TAMS 0x00000000a2000000, 0x00000000a2000000| Untracked 
|  33|0x00000000a2100000, 0x00000000a2100000, 0x00000000a2200000|  0%| F|  |TAMS 0x00000000a2100000, 0x00000000a2100000| Untracked 
|  34|0x00000000a2200000, 0x00000000a2200000, 0x00000000a2300000|  0%| F|  |TAMS 0x00000000a2200000, 0x00000000a2200000| Untracked 
|  35|0x00000000a2300000, 0x00000000a2300000, 0x00000000a2400000|  0%| F|  |TAMS 0x00000000a2300000, 0x00000000a2300000| Untracked 
|  36|0x00000000a2400000, 0x00000000a2400000, 0x00000000a2500000|  0%| F|  |TAMS 0x00000000a2400000, 0x00000000a2400000| Untracked 
|  37|0x00000000a2500000, 0x00000000a2500000, 0x00000000a2600000|  0%| F|  |TAMS 0x00000000a2500000, 0x00000000a2500000| Untracked 
|  38|0x00000000a2600000, 0x00000000a2600000, 0x00000000a2700000|  0%| F|  |TAMS 0x00000000a2600000, 0x00000000a2600000| Untracked 
|  39|0x00000000a2700000, 0x00000000a2700000, 0x00000000a2800000|  0%| F|  |TAMS 0x00000000a2700000, 0x00000000a2700000| Untracked 
|  40|0x00000000a2800000, 0x00000000a2800000, 0x00000000a2900000|  0%| F|  |TAMS 0x00000000a2800000, 0x00000000a2800000| Untracked 
|  41|0x00000000a2900000, 0x00000000a2900000, 0x00000000a2a00000|  0%| F|  |TAMS 0x00000000a2900000, 0x00000000a2900000| Untracked 
|  42|0x00000000a2a00000, 0x00000000a2a00000, 0x00000000a2b00000|  0%| F|  |TAMS 0x00000000a2a00000, 0x00000000a2a00000| Untracked 
|  43|0x00000000a2b00000, 0x00000000a2b00000, 0x00000000a2c00000|  0%| F|  |TAMS 0x00000000a2b00000, 0x00000000a2b00000| Untracked 
|  44|0x00000000a2c00000, 0x00000000a2c00000, 0x00000000a2d00000|  0%| F|  |TAMS 0x00000000a2c00000, 0x00000000a2c00000| Untracked 
|  45|0x00000000a2d00000, 0x00000000a2d00000, 0x00000000a2e00000|  0%| F|  |TAMS 0x00000000a2d00000, 0x00000000a2d00000| Untracked 
|  46|0x00000000a2e00000, 0x00000000a2e00000, 0x00000000a2f00000|  0%| F|  |TAMS 0x00000000a2e00000, 0x00000000a2e00000| Untracked 
|  47|0x00000000a2f00000, 0x00000000a2f00000, 0x00000000a3000000|  0%| F|  |TAMS 0x00000000a2f00000, 0x00000000a2f00000| Untracked 
|  48|0x00000000a3000000, 0x00000000a3000000, 0x00000000a3100000|  0%| F|  |TAMS 0x00000000a3000000, 0x00000000a3000000| Untracked 
|  49|0x00000000a3100000, 0x00000000a3100000, 0x00000000a3200000|  0%| F|  |TAMS 0x00000000a3100000, 0x00000000a3100000| Untracked 
|  50|0x00000000a3200000, 0x00000000a3200000, 0x00000000a3300000|  0%| F|  |TAMS 0x00000000a3200000, 0x00000000a3200000| Untracked 
|  51|0x00000000a3300000, 0x00000000a3300000, 0x00000000a3400000|  0%| F|  |TAMS 0x00000000a3300000, 0x00000000a3300000| Untracked 
|  52|0x00000000a3400000, 0x00000000a3400000, 0x00000000a3500000|  0%| F|  |TAMS 0x00000000a3400000, 0x00000000a3400000| Untracked 
|  53|0x00000000a3500000, 0x00000000a3500000, 0x00000000a3600000|  0%| F|  |TAMS 0x00000000a3500000, 0x00000000a3500000| Untracked 
|  54|0x00000000a3600000, 0x00000000a3600000, 0x00000000a3700000|  0%| F|  |TAMS 0x00000000a3600000, 0x00000000a3600000| Untracked 
|  55|0x00000000a3700000, 0x00000000a3700000, 0x00000000a3800000|  0%| F|  |TAMS 0x00000000a3700000, 0x00000000a3700000| Untracked 
|  56|0x00000000a3800000, 0x00000000a3800000, 0x00000000a3900000|  0%| F|  |TAMS 0x00000000a3800000, 0x00000000a3800000| Untracked 
|  57|0x00000000a3900000, 0x00000000a3900000, 0x00000000a3a00000|  0%| F|  |TAMS 0x00000000a3900000, 0x00000000a3900000| Untracked 
|  58|0x00000000a3a00000, 0x00000000a3a00000, 0x00000000a3b00000|  0%| F|  |TAMS 0x00000000a3a00000, 0x00000000a3a00000| Untracked 
|  59|0x00000000a3b00000, 0x00000000a3b00000, 0x00000000a3c00000|  0%| F|  |TAMS 0x00000000a3b00000, 0x00000000a3b00000| Untracked 
|  60|0x00000000a3c00000, 0x00000000a3c00000, 0x00000000a3d00000|  0%| F|  |TAMS 0x00000000a3c00000, 0x00000000a3c00000| Untracked 
|  61|0x00000000a3d00000, 0x00000000a3d00000, 0x00000000a3e00000|  0%| F|  |TAMS 0x00000000a3d00000, 0x00000000a3d00000| Untracked 
|  62|0x00000000a3e00000, 0x00000000a3e00000, 0x00000000a3f00000|  0%| F|  |TAMS 0x00000000a3e00000, 0x00000000a3e00000| Untracked 
|  63|0x00000000a3f00000, 0x00000000a3f00000, 0x00000000a4000000|  0%| F|  |TAMS 0x00000000a3f00000, 0x00000000a3f00000| Untracked 
|  64|0x00000000a4000000, 0x00000000a4000000, 0x00000000a4100000|  0%| F|  |TAMS 0x00000000a4000000, 0x00000000a4000000| Untracked 
|  65|0x00000000a4100000, 0x00000000a4100000, 0x00000000a4200000|  0%| F|  |TAMS 0x00000000a4100000, 0x00000000a4100000| Untracked 
|  66|0x00000000a4200000, 0x00000000a4200000, 0x00000000a4300000|  0%| F|  |TAMS 0x00000000a4200000, 0x00000000a4200000| Untracked 
|  67|0x00000000a4300000, 0x00000000a4300000, 0x00000000a4400000|  0%| F|  |TAMS 0x00000000a4300000, 0x00000000a4300000| Untracked 
|  68|0x00000000a4400000, 0x00000000a4400000, 0x00000000a4500000|  0%| F|  |TAMS 0x00000000a4400000, 0x00000000a4400000| Untracked 
|  69|0x00000000a4500000, 0x00000000a4500000, 0x00000000a4600000|  0%| F|  |TAMS 0x00000000a4500000, 0x00000000a4500000| Untracked 
|  70|0x00000000a4600000, 0x00000000a4600000, 0x00000000a4700000|  0%| F|  |TAMS 0x00000000a4600000, 0x00000000a4600000| Untracked 
|  71|0x00000000a4700000, 0x00000000a4700000, 0x00000000a4800000|  0%| F|  |TAMS 0x00000000a4700000, 0x00000000a4700000| Untracked 
|  72|0x00000000a4800000, 0x00000000a4800000, 0x00000000a4900000|  0%| F|  |TAMS 0x00000000a4800000, 0x00000000a4800000| Untracked 
|  73|0x00000000a4900000, 0x00000000a4900000, 0x00000000a4a00000|  0%| F|  |TAMS 0x00000000a4900000, 0x00000000a4900000| Untracked 
|  74|0x00000000a4a00000, 0x00000000a4a00000, 0x00000000a4b00000|  0%| F|  |TAMS 0x00000000a4a00000, 0x00000000a4a00000| Untracked 
|  75|0x00000000a4b00000, 0x00000000a4b00000, 0x00000000a4c00000|  0%| F|  |TAMS 0x00000000a4b00000, 0x00000000a4b00000| Untracked 
|  76|0x00000000a4c00000, 0x00000000a4c00000, 0x00000000a4d00000|  0%| F|  |TAMS 0x00000000a4c00000, 0x00000000a4c00000| Untracked 
|  77|0x00000000a4d00000, 0x00000000a4d00000, 0x00000000a4e00000|  0%| F|  |TAMS 0x00000000a4d00000, 0x00000000a4d00000| Untracked 
|  78|0x00000000a4e00000, 0x00000000a4e00000, 0x00000000a4f00000|  0%| F|  |TAMS 0x00000000a4e00000, 0x00000000a4e00000| Untracked 
|  79|0x00000000a4f00000, 0x00000000a4f00000, 0x00000000a5000000|  0%| F|  |TAMS 0x00000000a4f00000, 0x00000000a4f00000| Untracked 
|  80|0x00000000a5000000, 0x00000000a5000000, 0x00000000a5100000|  0%| F|  |TAMS 0x00000000a5000000, 0x00000000a5000000| Untracked 
|  81|0x00000000a5100000, 0x00000000a5100000, 0x00000000a5200000|  0%| F|  |TAMS 0x00000000a5100000, 0x00000000a5100000| Untracked 
|  82|0x00000000a5200000, 0x00000000a5200000, 0x00000000a5300000|  0%| F|  |TAMS 0x00000000a5200000, 0x00000000a5200000| Untracked 
|  83|0x00000000a5300000, 0x00000000a5300000, 0x00000000a5400000|  0%| F|  |TAMS 0x00000000a5300000, 0x00000000a5300000| Untracked 
|  84|0x00000000a5400000, 0x00000000a5400000, 0x00000000a5500000|  0%| F|  |TAMS 0x00000000a5400000, 0x00000000a5400000| Untracked 
|  85|0x00000000a5500000, 0x00000000a5500000, 0x00000000a5600000|  0%| F|  |TAMS 0x00000000a5500000, 0x00000000a5500000| Untracked 
|  86|0x00000000a5600000, 0x00000000a5600000, 0x00000000a5700000|  0%| F|  |TAMS 0x00000000a5600000, 0x00000000a5600000| Untracked 
|  87|0x00000000a5700000, 0x00000000a5700000, 0x00000000a5800000|  0%| F|  |TAMS 0x00000000a5700000, 0x00000000a5700000| Untracked 
|  88|0x00000000a5800000, 0x00000000a5800000, 0x00000000a5900000|  0%| F|  |TAMS 0x00000000a5800000, 0x00000000a5800000| Untracked 
|  89|0x00000000a5900000, 0x00000000a5900000, 0x00000000a5a00000|  0%| F|  |TAMS 0x00000000a5900000, 0x00000000a5900000| Untracked 
|  90|0x00000000a5a00000, 0x00000000a5a00000, 0x00000000a5b00000|  0%| F|  |TAMS 0x00000000a5a00000, 0x00000000a5a00000| Untracked 
|  91|0x00000000a5b00000, 0x00000000a5b00000, 0x00000000a5c00000|  0%| F|  |TAMS 0x00000000a5b00000, 0x00000000a5b00000| Untracked 
|  92|0x00000000a5c00000, 0x00000000a5c00000, 0x00000000a5d00000|  0%| F|  |TAMS 0x00000000a5c00000, 0x00000000a5c00000| Untracked 
|  93|0x00000000a5d00000, 0x00000000a5d00000, 0x00000000a5e00000|  0%| F|  |TAMS 0x00000000a5d00000, 0x00000000a5d00000| Untracked 
|  94|0x00000000a5e00000, 0x00000000a5e00000, 0x00000000a5f00000|  0%| F|  |TAMS 0x00000000a5e00000, 0x00000000a5e00000| Untracked 
|  95|0x00000000a5f00000, 0x00000000a5f00000, 0x00000000a6000000|  0%| F|  |TAMS 0x00000000a5f00000, 0x00000000a5f00000| Untracked 
|  96|0x00000000a6000000, 0x00000000a6000000, 0x00000000a6100000|  0%| F|  |TAMS 0x00000000a6000000, 0x00000000a6000000| Untracked 
|  97|0x00000000a6100000, 0x00000000a6100000, 0x00000000a6200000|  0%| F|  |TAMS 0x00000000a6100000, 0x00000000a6100000| Untracked 
|  98|0x00000000a6200000, 0x00000000a6200000, 0x00000000a6300000|  0%| F|  |TAMS 0x00000000a6200000, 0x00000000a6200000| Untracked 
|  99|0x00000000a6300000, 0x00000000a6300000, 0x00000000a6400000|  0%| F|  |TAMS 0x00000000a6300000, 0x00000000a6300000| Untracked 
| 100|0x00000000a6400000, 0x00000000a6400000, 0x00000000a6500000|  0%| F|  |TAMS 0x00000000a6400000, 0x00000000a6400000| Untracked 
| 101|0x00000000a6500000, 0x00000000a6500000, 0x00000000a6600000|  0%| F|  |TAMS 0x00000000a6500000, 0x00000000a6500000| Untracked 
| 102|0x00000000a6600000, 0x00000000a6600000, 0x00000000a6700000|  0%| F|  |TAMS 0x00000000a6600000, 0x00000000a6600000| Untracked 
| 103|0x00000000a6700000, 0x00000000a6700000, 0x00000000a6800000|  0%| F|  |TAMS 0x00000000a6700000, 0x00000000a6700000| Untracked 
| 104|0x00000000a6800000, 0x00000000a6800000, 0x00000000a6900000|  0%| F|  |TAMS 0x00000000a6800000, 0x00000000a6800000| Untracked 
| 105|0x00000000a6900000, 0x00000000a6900000, 0x00000000a6a00000|  0%| F|  |TAMS 0x00000000a6900000, 0x00000000a6900000| Untracked 
| 106|0x00000000a6a00000, 0x00000000a6a00000, 0x00000000a6b00000|  0%| F|  |TAMS 0x00000000a6a00000, 0x00000000a6a00000| Untracked 
| 107|0x00000000a6b00000, 0x00000000a6b00000, 0x00000000a6c00000|  0%| F|  |TAMS 0x00000000a6b00000, 0x00000000a6b00000| Untracked 
| 108|0x00000000a6c00000, 0x00000000a6c00000, 0x00000000a6d00000|  0%| F|  |TAMS 0x00000000a6c00000, 0x00000000a6c00000| Untracked 
| 109|0x00000000a6d00000, 0x00000000a6d00000, 0x00000000a6e00000|  0%| F|  |TAMS 0x00000000a6d00000, 0x00000000a6d00000| Untracked 
| 110|0x00000000a6e00000, 0x00000000a6e00000, 0x00000000a6f00000|  0%| F|  |TAMS 0x00000000a6e00000, 0x00000000a6e00000| Untracked 
| 111|0x00000000a6f00000, 0x00000000a6f00000, 0x00000000a7000000|  0%| F|  |TAMS 0x00000000a6f00000, 0x00000000a6f00000| Untracked 
| 112|0x00000000a7000000, 0x00000000a7000000, 0x00000000a7100000|  0%| F|  |TAMS 0x00000000a7000000, 0x00000000a7000000| Untracked 
| 113|0x00000000a7100000, 0x00000000a7100000, 0x00000000a7200000|  0%| F|  |TAMS 0x00000000a7100000, 0x00000000a7100000| Untracked 
| 114|0x00000000a7200000, 0x00000000a7200000, 0x00000000a7300000|  0%| F|  |TAMS 0x00000000a7200000, 0x00000000a7200000| Untracked 
| 115|0x00000000a7300000, 0x00000000a7300000, 0x00000000a7400000|  0%| F|  |TAMS 0x00000000a7300000, 0x00000000a7300000| Untracked 
| 116|0x00000000a7400000, 0x00000000a7400000, 0x00000000a7500000|  0%| F|  |TAMS 0x00000000a7400000, 0x00000000a7400000| Untracked 
| 117|0x00000000a7500000, 0x00000000a7500000, 0x00000000a7600000|  0%| F|  |TAMS 0x00000000a7500000, 0x00000000a7500000| Untracked 
| 118|0x00000000a7600000, 0x00000000a7600000, 0x00000000a7700000|  0%| F|  |TAMS 0x00000000a7600000, 0x00000000a7600000| Untracked 
| 119|0x00000000a7700000, 0x00000000a7700000, 0x00000000a7800000|  0%| F|  |TAMS 0x00000000a7700000, 0x00000000a7700000| Untracked 
| 120|0x00000000a7800000, 0x00000000a7800000, 0x00000000a7900000|  0%| F|  |TAMS 0x00000000a7800000, 0x00000000a7800000| Untracked 
| 121|0x00000000a7900000, 0x00000000a7900000, 0x00000000a7a00000|  0%| F|  |TAMS 0x00000000a7900000, 0x00000000a7900000| Untracked 
| 122|0x00000000a7a00000, 0x00000000a7a00000, 0x00000000a7b00000|  0%| F|  |TAMS 0x00000000a7a00000, 0x00000000a7a00000| Untracked 
| 123|0x00000000a7b00000, 0x00000000a7b00000, 0x00000000a7c00000|  0%| F|  |TAMS 0x00000000a7b00000, 0x00000000a7b00000| Untracked 
| 124|0x00000000a7c00000, 0x00000000a7c00000, 0x00000000a7d00000|  0%| F|  |TAMS 0x00000000a7c00000, 0x00000000a7c00000| Untracked 
| 125|0x00000000a7d00000, 0x00000000a7d00000, 0x00000000a7e00000|  0%| F|  |TAMS 0x00000000a7d00000, 0x00000000a7d00000| Untracked 
| 126|0x00000000a7e00000, 0x00000000a7e00000, 0x00000000a7f00000|  0%| F|  |TAMS 0x00000000a7e00000, 0x00000000a7e00000| Untracked 
| 127|0x00000000a7f00000, 0x00000000a7f00000, 0x00000000a8000000|  0%| F|  |TAMS 0x00000000a7f00000, 0x00000000a7f00000| Untracked 
| 128|0x00000000a8000000, 0x00000000a8000000, 0x00000000a8100000|  0%| F|  |TAMS 0x00000000a8000000, 0x00000000a8000000| Untracked 
| 129|0x00000000a8100000, 0x00000000a8100000, 0x00000000a8200000|  0%| F|  |TAMS 0x00000000a8100000, 0x00000000a8100000| Untracked 
| 130|0x00000000a8200000, 0x00000000a8200000, 0x00000000a8300000|  0%| F|  |TAMS 0x00000000a8200000, 0x00000000a8200000| Untracked 
| 131|0x00000000a8300000, 0x00000000a8300000, 0x00000000a8400000|  0%| F|  |TAMS 0x00000000a8300000, 0x00000000a8300000| Untracked 
| 132|0x00000000a8400000, 0x00000000a8400000, 0x00000000a8500000|  0%| F|  |TAMS 0x00000000a8400000, 0x00000000a8400000| Untracked 
| 133|0x00000000a8500000, 0x00000000a8500000, 0x00000000a8600000|  0%| F|  |TAMS 0x00000000a8500000, 0x00000000a8500000| Untracked 
| 134|0x00000000a8600000, 0x00000000a8600000, 0x00000000a8700000|  0%| F|  |TAMS 0x00000000a8600000, 0x00000000a8600000| Untracked 
| 135|0x00000000a8700000, 0x00000000a8700000, 0x00000000a8800000|  0%| F|  |TAMS 0x00000000a8700000, 0x00000000a8700000| Untracked 
| 136|0x00000000a8800000, 0x00000000a8800000, 0x00000000a8900000|  0%| F|  |TAMS 0x00000000a8800000, 0x00000000a8800000| Untracked 
| 137|0x00000000a8900000, 0x00000000a8900000, 0x00000000a8a00000|  0%| F|  |TAMS 0x00000000a8900000, 0x00000000a8900000| Untracked 
| 138|0x00000000a8a00000, 0x00000000a8a00000, 0x00000000a8b00000|  0%| F|  |TAMS 0x00000000a8a00000, 0x00000000a8a00000| Untracked 
| 139|0x00000000a8b00000, 0x00000000a8b00000, 0x00000000a8c00000|  0%| F|  |TAMS 0x00000000a8b00000, 0x00000000a8b00000| Untracked 
| 140|0x00000000a8c00000, 0x00000000a8c00000, 0x00000000a8d00000|  0%| F|  |TAMS 0x00000000a8c00000, 0x00000000a8c00000| Untracked 
| 141|0x00000000a8d00000, 0x00000000a8d00000, 0x00000000a8e00000|  0%| F|  |TAMS 0x00000000a8d00000, 0x00000000a8d00000| Untracked 
| 142|0x00000000a8e00000, 0x00000000a8e00000, 0x00000000a8f00000|  0%| F|  |TAMS 0x00000000a8e00000, 0x00000000a8e00000| Untracked 
| 143|0x00000000a8f00000, 0x00000000a8f00000, 0x00000000a9000000|  0%| F|  |TAMS 0x00000000a8f00000, 0x00000000a8f00000| Untracked 
| 144|0x00000000a9000000, 0x00000000a9000000, 0x00000000a9100000|  0%| F|  |TAMS 0x00000000a9000000, 0x00000000a9000000| Untracked 
| 145|0x00000000a9100000, 0x00000000a9100000, 0x00000000a9200000|  0%| F|  |TAMS 0x00000000a9100000, 0x00000000a9100000| Untracked 
| 146|0x00000000a9200000, 0x00000000a9200000, 0x00000000a9300000|  0%| F|  |TAMS 0x00000000a9200000, 0x00000000a9200000| Untracked 
| 147|0x00000000a9300000, 0x00000000a9300000, 0x00000000a9400000|  0%| F|  |TAMS 0x00000000a9300000, 0x00000000a9300000| Untracked 
| 148|0x00000000a9400000, 0x00000000a9400000, 0x00000000a9500000|  0%| F|  |TAMS 0x00000000a9400000, 0x00000000a9400000| Untracked 
| 149|0x00000000a9500000, 0x00000000a9500000, 0x00000000a9600000|  0%| F|  |TAMS 0x00000000a9500000, 0x00000000a9500000| Untracked 
| 150|0x00000000a9600000, 0x00000000a9600000, 0x00000000a9700000|  0%| F|  |TAMS 0x00000000a9600000, 0x00000000a9600000| Untracked 
| 151|0x00000000a9700000, 0x00000000a9700000, 0x00000000a9800000|  0%| F|  |TAMS 0x00000000a9700000, 0x00000000a9700000| Untracked 
| 152|0x00000000a9800000, 0x00000000a9800000, 0x00000000a9900000|  0%| F|  |TAMS 0x00000000a9800000, 0x00000000a9800000| Untracked 
| 153|0x00000000a9900000, 0x00000000a9900000, 0x00000000a9a00000|  0%| F|  |TAMS 0x00000000a9900000, 0x00000000a9900000| Untracked 
| 154|0x00000000a9a00000, 0x00000000a9a00000, 0x00000000a9b00000|  0%| F|  |TAMS 0x00000000a9a00000, 0x00000000a9a00000| Untracked 
| 155|0x00000000a9b00000, 0x00000000a9b00000, 0x00000000a9c00000|  0%| F|  |TAMS 0x00000000a9b00000, 0x00000000a9b00000| Untracked 
| 156|0x00000000a9c00000, 0x00000000a9c00000, 0x00000000a9d00000|  0%| F|  |TAMS 0x00000000a9c00000, 0x00000000a9c00000| Untracked 
| 157|0x00000000a9d00000, 0x00000000a9d00000, 0x00000000a9e00000|  0%| F|  |TAMS 0x00000000a9d00000, 0x00000000a9d00000| Untracked 
| 158|0x00000000a9e00000, 0x00000000a9e00000, 0x00000000a9f00000|  0%| F|  |TAMS 0x00000000a9e00000, 0x00000000a9e00000| Untracked 
| 159|0x00000000a9f00000, 0x00000000a9f00000, 0x00000000aa000000|  0%| F|  |TAMS 0x00000000a9f00000, 0x00000000a9f00000| Untracked 
| 160|0x00000000aa000000, 0x00000000aa000000, 0x00000000aa100000|  0%| F|  |TAMS 0x00000000aa000000, 0x00000000aa000000| Untracked 
| 161|0x00000000aa100000, 0x00000000aa100000, 0x00000000aa200000|  0%| F|  |TAMS 0x00000000aa100000, 0x00000000aa100000| Untracked 
| 162|0x00000000aa200000, 0x00000000aa200000, 0x00000000aa300000|  0%| F|  |TAMS 0x00000000aa200000, 0x00000000aa200000| Untracked 
| 163|0x00000000aa300000, 0x00000000aa300000, 0x00000000aa400000|  0%| F|  |TAMS 0x00000000aa300000, 0x00000000aa300000| Untracked 
| 164|0x00000000aa400000, 0x00000000aa400000, 0x00000000aa500000|  0%| F|  |TAMS 0x00000000aa400000, 0x00000000aa400000| Untracked 
| 165|0x00000000aa500000, 0x00000000aa500000, 0x00000000aa600000|  0%| F|  |TAMS 0x00000000aa500000, 0x00000000aa500000| Untracked 
| 166|0x00000000aa600000, 0x00000000aa600000, 0x00000000aa700000|  0%| F|  |TAMS 0x00000000aa600000, 0x00000000aa600000| Untracked 
| 167|0x00000000aa700000, 0x00000000aa700000, 0x00000000aa800000|  0%| F|  |TAMS 0x00000000aa700000, 0x00000000aa700000| Untracked 
| 168|0x00000000aa800000, 0x00000000aa800000, 0x00000000aa900000|  0%| F|  |TAMS 0x00000000aa800000, 0x00000000aa800000| Untracked 
| 169|0x00000000aa900000, 0x00000000aa900000, 0x00000000aaa00000|  0%| F|  |TAMS 0x00000000aa900000, 0x00000000aa900000| Untracked 
| 170|0x00000000aaa00000, 0x00000000aaa00000, 0x00000000aab00000|  0%| F|  |TAMS 0x00000000aaa00000, 0x00000000aaa00000| Untracked 
| 171|0x00000000aab00000, 0x00000000aab00000, 0x00000000aac00000|  0%| F|  |TAMS 0x00000000aab00000, 0x00000000aab00000| Untracked 
| 172|0x00000000aac00000, 0x00000000aac00000, 0x00000000aad00000|  0%| F|  |TAMS 0x00000000aac00000, 0x00000000aac00000| Untracked 
| 173|0x00000000aad00000, 0x00000000aad00000, 0x00000000aae00000|  0%| F|  |TAMS 0x00000000aad00000, 0x00000000aad00000| Untracked 
| 174|0x00000000aae00000, 0x00000000aae00000, 0x00000000aaf00000|  0%| F|  |TAMS 0x00000000aae00000, 0x00000000aae00000| Untracked 
| 175|0x00000000aaf00000, 0x00000000aaf00000, 0x00000000ab000000|  0%| F|  |TAMS 0x00000000aaf00000, 0x00000000aaf00000| Untracked 
| 176|0x00000000ab000000, 0x00000000ab000000, 0x00000000ab100000|  0%| F|  |TAMS 0x00000000ab000000, 0x00000000ab000000| Untracked 
| 177|0x00000000ab100000, 0x00000000ab100000, 0x00000000ab200000|  0%| F|  |TAMS 0x00000000ab100000, 0x00000000ab100000| Untracked 
| 178|0x00000000ab200000, 0x00000000ab200000, 0x00000000ab300000|  0%| F|  |TAMS 0x00000000ab200000, 0x00000000ab200000| Untracked 
| 179|0x00000000ab300000, 0x00000000ab300000, 0x00000000ab400000|  0%| F|  |TAMS 0x00000000ab300000, 0x00000000ab300000| Untracked 
| 180|0x00000000ab400000, 0x00000000ab400000, 0x00000000ab500000|  0%| F|  |TAMS 0x00000000ab400000, 0x00000000ab400000| Untracked 
| 181|0x00000000ab500000, 0x00000000ab500000, 0x00000000ab600000|  0%| F|  |TAMS 0x00000000ab500000, 0x00000000ab500000| Untracked 
| 182|0x00000000ab600000, 0x00000000ab600000, 0x00000000ab700000|  0%| F|  |TAMS 0x00000000ab600000, 0x00000000ab600000| Untracked 
| 183|0x00000000ab700000, 0x00000000ab700000, 0x00000000ab800000|  0%| F|  |TAMS 0x00000000ab700000, 0x00000000ab700000| Untracked 
| 184|0x00000000ab800000, 0x00000000ab800000, 0x00000000ab900000|  0%| F|  |TAMS 0x00000000ab800000, 0x00000000ab800000| Untracked 
| 185|0x00000000ab900000, 0x00000000ab900000, 0x00000000aba00000|  0%| F|  |TAMS 0x00000000ab900000, 0x00000000ab900000| Untracked 
| 186|0x00000000aba00000, 0x00000000aba00000, 0x00000000abb00000|  0%| F|  |TAMS 0x00000000aba00000, 0x00000000aba00000| Untracked 
| 187|0x00000000abb00000, 0x00000000abb00000, 0x00000000abc00000|  0%| F|  |TAMS 0x00000000abb00000, 0x00000000abb00000| Untracked 
| 188|0x00000000abc00000, 0x00000000abc00000, 0x00000000abd00000|  0%| F|  |TAMS 0x00000000abc00000, 0x00000000abc00000| Untracked 
| 189|0x00000000abd00000, 0x00000000abd00000, 0x00000000abe00000|  0%| F|  |TAMS 0x00000000abd00000, 0x00000000abd00000| Untracked 
| 190|0x00000000abe00000, 0x00000000abe00000, 0x00000000abf00000|  0%| F|  |TAMS 0x00000000abe00000, 0x00000000abe00000| Untracked 
| 191|0x00000000abf00000, 0x00000000abf00000, 0x00000000ac000000|  0%| F|  |TAMS 0x00000000abf00000, 0x00000000abf00000| Untracked 
| 192|0x00000000ac000000, 0x00000000ac000000, 0x00000000ac100000|  0%| F|  |TAMS 0x00000000ac000000, 0x00000000ac000000| Untracked 
| 193|0x00000000ac100000, 0x00000000ac100000, 0x00000000ac200000|  0%| F|  |TAMS 0x00000000ac100000, 0x00000000ac100000| Untracked 
| 194|0x00000000ac200000, 0x00000000ac200000, 0x00000000ac300000|  0%| F|  |TAMS 0x00000000ac200000, 0x00000000ac200000| Untracked 
| 195|0x00000000ac300000, 0x00000000ac300000, 0x00000000ac400000|  0%| F|  |TAMS 0x00000000ac300000, 0x00000000ac300000| Untracked 
| 196|0x00000000ac400000, 0x00000000ac400000, 0x00000000ac500000|  0%| F|  |TAMS 0x00000000ac400000, 0x00000000ac400000| Untracked 
| 197|0x00000000ac500000, 0x00000000ac500000, 0x00000000ac600000|  0%| F|  |TAMS 0x00000000ac500000, 0x00000000ac500000| Untracked 
| 198|0x00000000ac600000, 0x00000000ac600000, 0x00000000ac700000|  0%| F|  |TAMS 0x00000000ac600000, 0x00000000ac600000| Untracked 
| 199|0x00000000ac700000, 0x00000000ac700000, 0x00000000ac800000|  0%| F|  |TAMS 0x00000000ac700000, 0x00000000ac700000| Untracked 
| 200|0x00000000ac800000, 0x00000000ac800000, 0x00000000ac900000|  0%| F|  |TAMS 0x00000000ac800000, 0x00000000ac800000| Untracked 
| 201|0x00000000ac900000, 0x00000000ac900000, 0x00000000aca00000|  0%| F|  |TAMS 0x00000000ac900000, 0x00000000ac900000| Untracked 
| 202|0x00000000aca00000, 0x00000000aca00000, 0x00000000acb00000|  0%| F|  |TAMS 0x00000000aca00000, 0x00000000aca00000| Untracked 
| 203|0x00000000acb00000, 0x00000000acb00000, 0x00000000acc00000|  0%| F|  |TAMS 0x00000000acb00000, 0x00000000acb00000| Untracked 
| 204|0x00000000acc00000, 0x00000000acc00000, 0x00000000acd00000|  0%| F|  |TAMS 0x00000000acc00000, 0x00000000acc00000| Untracked 
| 205|0x00000000acd00000, 0x00000000acd00000, 0x00000000ace00000|  0%| F|  |TAMS 0x00000000acd00000, 0x00000000acd00000| Untracked 
| 206|0x00000000ace00000, 0x00000000ace00000, 0x00000000acf00000|  0%| F|  |TAMS 0x00000000ace00000, 0x00000000ace00000| Untracked 
| 207|0x00000000acf00000, 0x00000000acf00000, 0x00000000ad000000|  0%| F|  |TAMS 0x00000000acf00000, 0x00000000acf00000| Untracked 
| 208|0x00000000ad000000, 0x00000000ad000000, 0x00000000ad100000|  0%| F|  |TAMS 0x00000000ad000000, 0x00000000ad000000| Untracked 
| 209|0x00000000ad100000, 0x00000000ad100000, 0x00000000ad200000|  0%| F|  |TAMS 0x00000000ad100000, 0x00000000ad100000| Untracked 
| 210|0x00000000ad200000, 0x00000000ad200000, 0x00000000ad300000|  0%| F|  |TAMS 0x00000000ad200000, 0x00000000ad200000| Untracked 
| 211|0x00000000ad300000, 0x00000000ad300000, 0x00000000ad400000|  0%| F|  |TAMS 0x00000000ad300000, 0x00000000ad300000| Untracked 
| 212|0x00000000ad400000, 0x00000000ad400000, 0x00000000ad500000|  0%| F|  |TAMS 0x00000000ad400000, 0x00000000ad400000| Untracked 
| 213|0x00000000ad500000, 0x00000000ad500000, 0x00000000ad600000|  0%| F|  |TAMS 0x00000000ad500000, 0x00000000ad500000| Untracked 
| 214|0x00000000ad600000, 0x00000000ad600000, 0x00000000ad700000|  0%| F|  |TAMS 0x00000000ad600000, 0x00000000ad600000| Untracked 
| 215|0x00000000ad700000, 0x00000000ad700000, 0x00000000ad800000|  0%| F|  |TAMS 0x00000000ad700000, 0x00000000ad700000| Untracked 
| 216|0x00000000ad800000, 0x00000000ad800000, 0x00000000ad900000|  0%| F|  |TAMS 0x00000000ad800000, 0x00000000ad800000| Untracked 
| 217|0x00000000ad900000, 0x00000000ad900000, 0x00000000ada00000|  0%| F|  |TAMS 0x00000000ad900000, 0x00000000ad900000| Untracked 
| 218|0x00000000ada00000, 0x00000000ada00000, 0x00000000adb00000|  0%| F|  |TAMS 0x00000000ada00000, 0x00000000ada00000| Untracked 
| 219|0x00000000adb00000, 0x00000000adb00000, 0x00000000adc00000|  0%| F|  |TAMS 0x00000000adb00000, 0x00000000adb00000| Untracked 
| 220|0x00000000adc00000, 0x00000000adc00000, 0x00000000add00000|  0%| F|  |TAMS 0x00000000adc00000, 0x00000000adc00000| Untracked 
| 221|0x00000000add00000, 0x00000000add00000, 0x00000000ade00000|  0%| F|  |TAMS 0x00000000add00000, 0x00000000add00000| Untracked 
| 222|0x00000000ade00000, 0x00000000ade00000, 0x00000000adf00000|  0%| F|  |TAMS 0x00000000ade00000, 0x00000000ade00000| Untracked 
| 223|0x00000000adf00000, 0x00000000adf00000, 0x00000000ae000000|  0%| F|  |TAMS 0x00000000adf00000, 0x00000000adf00000| Untracked 
| 224|0x00000000ae000000, 0x00000000ae000000, 0x00000000ae100000|  0%| F|  |TAMS 0x00000000ae000000, 0x00000000ae000000| Untracked 
| 225|0x00000000ae100000, 0x00000000ae100000, 0x00000000ae200000|  0%| F|  |TAMS 0x00000000ae100000, 0x00000000ae100000| Untracked 
| 226|0x00000000ae200000, 0x00000000ae266cd0, 0x00000000ae300000| 40%| E|  |TAMS 0x00000000ae200000, 0x00000000ae200000| Complete 
| 227|0x00000000ae300000, 0x00000000ae400000, 0x00000000ae400000|100%| E|CS|TAMS 0x00000000ae300000, 0x00000000ae300000| Complete 
| 228|0x00000000ae400000, 0x00000000ae500000, 0x00000000ae500000|100%| E|CS|TAMS 0x00000000ae400000, 0x00000000ae400000| Complete 
| 229|0x00000000ae500000, 0x00000000ae600000, 0x00000000ae600000|100%| E|CS|TAMS 0x00000000ae500000, 0x00000000ae500000| Complete 
| 230|0x00000000ae600000, 0x00000000ae700000, 0x00000000ae700000|100%| E|CS|TAMS 0x00000000ae600000, 0x00000000ae600000| Complete 
| 231|0x00000000ae700000, 0x00000000ae800000, 0x00000000ae800000|100%| E|CS|TAMS 0x00000000ae700000, 0x00000000ae700000| Complete 
| 232|0x00000000ae800000, 0x00000000ae900000, 0x00000000ae900000|100%| E|CS|TAMS 0x00000000ae800000, 0x00000000ae800000| Complete 
| 233|0x00000000ae900000, 0x00000000aea00000, 0x00000000aea00000|100%| E|CS|TAMS 0x00000000ae900000, 0x00000000ae900000| Complete 
| 234|0x00000000aea00000, 0x00000000aead3600, 0x00000000aeb00000| 82%| S|CS|TAMS 0x00000000aea00000, 0x00000000aea00000| Complete 
| 235|0x00000000aeb00000, 0x00000000aec00000, 0x00000000aec00000|100%| E|CS|TAMS 0x00000000aeb00000, 0x00000000aeb00000| Complete 
| 236|0x00000000aec00000, 0x00000000aed00000, 0x00000000aed00000|100%| E|CS|TAMS 0x00000000aec00000, 0x00000000aec00000| Complete 
| 237|0x00000000aed00000, 0x00000000aee00000, 0x00000000aee00000|100%| E|CS|TAMS 0x00000000aed00000, 0x00000000aed00000| Complete 
| 238|0x00000000aee00000, 0x00000000aef00000, 0x00000000aef00000|100%| E|CS|TAMS 0x00000000aee00000, 0x00000000aee00000| Complete 
| 239|0x00000000aef00000, 0x00000000af000000, 0x00000000af000000|100%| E|CS|TAMS 0x00000000aef00000, 0x00000000aef00000| Complete 
| 240|0x00000000af000000, 0x00000000af100000, 0x00000000af100000|100%| E|CS|TAMS 0x00000000af000000, 0x00000000af000000| Complete 
| 241|0x00000000af100000, 0x00000000af200000, 0x00000000af200000|100%| E|CS|TAMS 0x00000000af100000, 0x00000000af100000| Complete 
| 242|0x00000000af200000, 0x00000000af300000, 0x00000000af300000|100%| E|CS|TAMS 0x00000000af200000, 0x00000000af200000| Complete 
| 243|0x00000000af300000, 0x00000000af400000, 0x00000000af400000|100%| E|CS|TAMS 0x00000000af300000, 0x00000000af300000| Complete 
| 244|0x00000000af400000, 0x00000000af500000, 0x00000000af500000|100%| E|CS|TAMS 0x00000000af400000, 0x00000000af400000| Complete 
| 245|0x00000000af500000, 0x00000000af600000, 0x00000000af600000|100%| E|CS|TAMS 0x00000000af500000, 0x00000000af500000| Complete 

Card table byte_map: [0x00007f8390941000,0x00007f8390c41000] _byte_map_base: 0x00007f8390441000

Marking Bits (Prev, Next): (CMBitMap*) 0x00007f83a404e5c0, (CMBitMap*) 0x00007f83a404e588
 Prev Bits: [0x00007f8389000000, 0x00007f838a800000)
 Next Bits: [0x00007f838a800000, 0x00007f838c000000)

Polling page: 0x00007f83aa2aa000

Metaspace:

Usage:
  Non-class:     20.56 MB capacity,    20.29 MB ( 99%) used,   241.41 KB (  1%) free+waste,    40.38 KB ( <1%) overhead. 
      Class:      3.19 MB capacity,     2.97 MB ( 93%) used,   199.34 KB (  6%) free+waste,    19.88 KB ( <1%) overhead. 
       Both:     23.75 MB capacity,    23.26 MB ( 98%) used,   440.74 KB (  2%) free+waste,    60.25 KB ( <1%) overhead. 

Virtual space:
  Non-class space:       22.00 MB reserved,      20.67 MB ( 94%) committed 
      Class space:        1.00 GB reserved,       3.25 MB ( <1%) committed 
             Both:        1.02 GB reserved,      23.92 MB (  2%) committed 

Chunk freelists:
   Non-Class:  113.00 KB
       Class:  0 bytes
        Both:  113.00 KB

MaxMetaspaceSize: unlimited
CompressedClassSpaceSize: 1.00 GB

CodeHeap 'non-profiled nmethods': size=120032Kb used=844Kb max_used=844Kb free=119188Kb
 bounds [0x00007f8398ffa000, 0x00007f839926a000, 0x00007f83a0532000]
CodeHeap 'profiled nmethods': size=120032Kb used=3948Kb max_used=3948Kb free=116083Kb
 bounds [0x00007f8391ac2000, 0x00007f8391ea2000, 0x00007f8398ffa000]
CodeHeap 'non-nmethods': size=5696Kb used=1112Kb max_used=1140Kb free=4583Kb
 bounds [0x00007f8391532000, 0x00007f83917a2000, 0x00007f8391ac2000]
 total_blobs=2367 nmethods=1905 adapters=374
 compilation: enabled
              stopped_count=0, restarted_count=0
 full_count=0

Compilation events (20 events):
Event: 4.124 Thread 0x00007f83a41be000 1897       3       org.objectweb.asm.Frame::getLocal (46 bytes)
Event: 4.124 Thread 0x00007f83a41be000 nmethod 1897 0x00007f8391e95b90 code [0x00007f8391e95d40, 0x00007f8391e95f30]
Event: 4.136 Thread 0x00007f83a41be000 1899       3       java.lang.Class::forName (47 bytes)
Event: 4.136 Thread 0x00007f83a41be000 nmethod 1899 0x00007f8391e96010 code [0x00007f8391e96200, 0x00007f8391e96640]
Event: 4.140 Thread 0x00007f83a41be000 1900       3       sun.reflect.generics.visitor.Reifier::make (9 bytes)
Event: 4.140 Thread 0x00007f83a41be000 nmethod 1900 0x00007f8391e96810 code [0x00007f8391e969e0, 0x00007f8391e96c30]
Event: 4.140 Thread 0x00007f83a41be000 1901       3       sun.reflect.generics.visitor.Reifier::<init> (10 bytes)
Event: 4.140 Thread 0x00007f83a41be000 nmethod 1901 0x00007f8391e96d10 code [0x00007f8391e96ec0, 0x00007f8391e97070]
Event: 4.140 Thread 0x00007f83a41be000 1902       3       sun.reflect.generics.visitor.Reifier::getResult (26 bytes)
Event: 4.140 Thread 0x00007f83a41be000 nmethod 1902 0x00007f8391e97110 code [0x00007f8391e972c0, 0x00007f8391e973d0]
Event: 4.142 Thread 0x00007f83a41be000 1904       3       jdk.internal.org.objectweb.asm.AnnotationVisitor::<init> (35 bytes)
Event: 4.142 Thread 0x00007f83a41be000 nmethod 1904 0x00007f8391e97490 code [0x00007f8391e97660, 0x00007f8391e97940]
Event: 4.152 Thread 0x00007f83a41be000 1905       3       sun.reflect.generics.parser.SignatureParser::parseTypeSignature (130 bytes)
Event: 4.152 Thread 0x00007f83a41be000 nmethod 1905 0x00007f8391e97a90 code [0x00007f8391e97c80, 0x00007f8391e980e0]
Event: 4.152 Thread 0x00007f83a41be000 1906       3       sun.reflect.generics.factory.CoreReflectionFactory::getDeclsLoader (85 bytes)
Event: 4.154 Thread 0x00007f83a41be000 nmethod 1906 0x00007f8391e98210 code [0x00007f8391e985a0, 0x00007f8391e9a2f0]
Event: 4.154 Thread 0x00007f83a41be000 1908   !   3       java.lang.invoke.MethodHandle::setVarargs (24 bytes)
Event: 4.154 Thread 0x00007f83a41be000 nmethod 1908 0x00007f8391e9aa10 code [0x00007f8391e9ac20, 0x00007f8391e9b2b0]
Event: 4.154 Thread 0x00007f83a41be000 1909       3       java.lang.invoke.MemberName::isVarargs (23 bytes)
Event: 4.155 Thread 0x00007f83a41be000 nmethod 1909 0x00007f8391e9b510 code [0x00007f8391e9b700, 0x00007f8391e9bb90]

GC Heap History (6 events):
Event: 0.771 GC heap before
{Heap before GC invocations=0 (full 0):
 garbage-first heap   total 251904K, used 19456K [0x00000000a0000000, 0x0000000100000000)
  region size 1024K, 14 young (14336K), 0 survivors (0K)
 Metaspace       used 7487K, capacity 7679K, committed 7936K, reserved 1056768K
  class space    used 688K, capacity 748K, committed 768K, reserved 1048576K
}
Event: 0.792 GC heap after
{Heap after GC invocations=1 (full 0):
 garbage-first heap   total 251904K, used 7721K [0x00000000a0000000, 0x0000000100000000)
  region size 1024K, 2 young (2048K), 2 survivors (2048K)
 Metaspace       used 7487K, capacity 7679K, committed 7936K, reserved 1056768K
  class space    used 688K, capacity 748K, committed 768K, reserved 1048576K
}
Event: 3.388 GC heap before
{Heap before GC invocations=1 (full 0):
 garbage-first heap   total 251904K, used 94761K [0x00000000a0000000, 0x0000000100000000)
  region size 1024K, 89 young (91136K), 2 survivors (2048K)
 Metaspace       used 20571K, capacity 21051K, committed 21296K, reserved 1069056K
  class space    used 2542K, capacity 2683K, committed 2688K, reserved 1048576K
}
Event: 3.416 GC heap after
{Heap after GC invocations=2 (full 0):
 garbage-first heap   total 251904K, used 15913K [0x00000000a0000000, 0x0000000100000000)
  region size 1024K, 10 young (10240K), 10 survivors (10240K)
 Metaspace       used 20571K, capacity 21051K, committed 21296K, reserved 1069056K
  class space    used 2542K, capacity 2683K, committed 2688K, reserved 1048576K
}
Event: 3.702 GC heap before
{Heap before GC invocations=3 (full 0):
 garbage-first heap   total 251904K, used 27177K [0x00000000a0000000, 0x0000000100000000)
  region size 1024K, 21 young (21504K), 10 survivors (10240K)
 Metaspace       used 21219K, capacity 21729K, committed 22064K, reserved 1069056K
  class space    used 2685K, capacity 2846K, committed 2944K, reserved 1048576K
}
Event: 3.723 GC heap after
{Heap after GC invocations=4 (full 0):
 garbage-first heap   total 251904K, used 16807K [0x00000000a0000000, 0x0000000100000000)
  region size 1024K, 1 young (1024K), 1 survivors (1024K)
 Metaspace       used 21219K, capacity 21729K, committed 22064K, reserved 1069056K
  class space    used 2685K, capacity 2846K, committed 2944K, reserved 1048576K
}

Deoptimization events (20 events):
Event: 3.419 Thread 0x00007f83a52e8000 Uncommon trap: trap_request=0xffffffde fr.pc=0x00007f83990aa628 relative=0x0000000000001168
Event: 3.419 Thread 0x00007f83a52e8000 Uncommon trap: reason=class_check action=maybe_recompile pc=0x00007f83990aa628 method=java.util.concurrent.ConcurrentHashMap.putVal(Ljava/lang/Object;Ljava/lang/Object;Z)Ljava/lang/Object; @ 159 c2
Event: 3.419 Thread 0x00007f83a52e8000 DEOPT PACKING pc=0x00007f83990aa628 sp=0x00007f833fffdd30
Event: 3.419 Thread 0x00007f83a52e8000 DEOPT UNPACKING pc=0x00007f8391558825 sp=0x00007f833fffdcc0 mode 2
Event: 3.726 Thread 0x00007f8324009000 Uncommon trap: trap_request=0xffffff4d fr.pc=0x00007f839904c854 relative=0x0000000000000094
Event: 3.726 Thread 0x00007f8324009000 Uncommon trap: reason=unstable_if action=reinterpret pc=0x00007f839904c854 method=java.util.LinkedHashMap.afterNodeInsertion(Z)V @ 1 c2
Event: 3.726 Thread 0x00007f8324009000 DEOPT PACKING pc=0x00007f839904c854 sp=0x00007f833f3f29a0
Event: 3.726 Thread 0x00007f8324009000 DEOPT UNPACKING pc=0x00007f8391558825 sp=0x00007f833f3f2940 mode 2
Event: 3.727 Thread 0x00007f8324009000 Uncommon trap: trap_request=0xffffff4d fr.pc=0x00007f83990346d0 relative=0x0000000000000190
Event: 3.727 Thread 0x00007f8324009000 Uncommon trap: reason=unstable_if action=reinterpret pc=0x00007f83990346d0 method=java.util.HashMap.getNode(ILjava/lang/Object;)Ljava/util/HashMap$Node; @ 129 c2
Event: 3.727 Thread 0x00007f8324009000 DEOPT PACKING pc=0x00007f83990346d0 sp=0x00007f833f3f0ca0
Event: 3.727 Thread 0x00007f8324009000 DEOPT UNPACKING pc=0x00007f8391558825 sp=0x00007f833f3f0bc0 mode 2
Event: 3.729 Thread 0x00007f8324009000 Uncommon trap: trap_request=0xffffff4d fr.pc=0x00007f8399025bb4 relative=0x00000000000001f4
Event: 3.729 Thread 0x00007f8324009000 Uncommon trap: reason=unstable_if action=reinterpret pc=0x00007f8399025bb4 method=java.util.HashMap.getNode(ILjava/lang/Object;)Ljava/util/HashMap$Node; @ 129 c2
Event: 3.729 Thread 0x00007f8324009000 DEOPT PACKING pc=0x00007f8399025bb4 sp=0x00007f833f3f25d0
Event: 3.729 Thread 0x00007f8324009000 DEOPT UNPACKING pc=0x00007f8391558825 sp=0x00007f833f3f2578 mode 2
Event: 4.084 Thread 0x00007f8324009000 Uncommon trap: trap_request=0xffffff4d fr.pc=0x00007f83990b4ee0 relative=0x00000000000001a0
Event: 4.084 Thread 0x00007f8324009000 Uncommon trap: reason=unstable_if action=reinterpret pc=0x00007f83990b4ee0 method=java.util.HashMap.getNode(ILjava/lang/Object;)Ljava/util/HashMap$Node; @ 129 c2
Event: 4.084 Thread 0x00007f8324009000 DEOPT PACKING pc=0x00007f83990b4ee0 sp=0x00007f833f3f3610
Event: 4.084 Thread 0x00007f8324009000 DEOPT UNPACKING pc=0x00007f8391558825 sp=0x00007f833f3f3540 mode 2

Classes redefined (0 events):
No events

Internal exceptions (20 events):
Event: 1.871 Thread 0x00007f83a4016800 Exception <a 'java/security/PrivilegedActionException'{0x00000000ad333b58}> (0x00000000ad333b58) thrown at [src/hotspot/share/prims/jvm.cpp, line 1306]
Event: 2.340 Thread 0x00007f83a4016800 Exception <a 'java/lang/NoSuchMethodError'{0x00000000ac5ef030}: 'java.lang.Object java.lang.invoke.DirectMethodHandle$Holder.invokeStaticInit(java.lang.Object, java.lang.Object, java.lang.Object)'> (0x00000000ac5ef030) thrown at [src/hotspot/share/interpreter/linkResolver.cpp, line 773]
Event: 2.469 Thread 0x00007f83a4016800 Exception <a 'java/lang/NoSuchMethodError'{0x00000000ac04dab8}: 'java.lang.Object java.lang.invoke.Invokers$Holder.invoker(java.lang.Object, java.lang.Object, java.lang.Object, java.lang.Object, java.lang.Object)'> (0x00000000ac04dab8) thrown at [src/hotspot/share/interpreter/linkResolver.cpp, line 773]
Event: 2.472 Thread 0x00007f83a4016800 Exception <a 'java/lang/NoSuchMethodError'{0x00000000ac05e5e8}: 'void java.lang.invoke.DelegatingMethodHandle$Holder.delegate(java.lang.Object, java.lang.Object, int, java.lang.Object)'> (0x00000000ac05e5e8) thrown at [src/hotspot/share/interpreter/linkResolver.cpp, line 773]
Event: 2.728 Thread 0x00007f8324009000 Exception <a 'java/lang/NoSuchMethodError'{0x00000000ab995f48}: 'void java.lang.invoke.DelegatingMethodHandle$Holder.reinvoke_L(java.lang.Object, java.lang.Object, java.lang.Object, java.lang.Object)'> (0x00000000ab995f48) thrown at [src/hotspot/share/interpreter/linkResolver.cpp, line 773]
Event: 2.743 Thread 0x00007f8324009000 Exception <a 'java/lang/NoSuchMethodError'{0x00000000ab9cc9c8}: 'long java.lang.invoke.DirectMethodHandle$Holder.invokeInterface(java.lang.Object, java.lang.Object)'> (0x00000000ab9cc9c8) thrown at [src/hotspot/share/interpreter/linkResolver.cpp, line 773]
Event: 2.752 Thread 0x00007f8324009000 Exception <a 'java/lang/NoSuchMethodError'{0x00000000ab9ee070}: 'void java.lang.invoke.DelegatingMethodHandle$Holder.reinvoke_L(java.lang.Object, java.lang.Object, java.lang.Object, java.lang.Object, java.lang.Object, java.lang.Object, java.lang.Object)'> (0x00000000ab9ee070) thrown at [src/hotspot/share/interpreter/linkResolver.cpp, line 773]
Event: 3.056 Thread 0x00007f8324009000 Exception <a 'java/lang/NoSuchMethodError'{0x00000000aadc5270}: 'java.lang.Object java.lang.invoke.DirectMethodHandle$Holder.invokeVirtual(java.lang.Object, java.lang.Object, java.lang.Object)'> (0x00000000aadc5270) thrown at [src/hotspot/share/interpreter/linkResolver.cpp, line 773]
Event: 3.118 Thread 0x00007f8324009000 Exception <a 'java/lang/NoSuchMethodError'{0x00000000aa91f708}: 'void java.lang.invoke.DirectMethodHandle$Holder.invokeStaticInit(java.lang.Object)'> (0x00000000aa91f708) thrown at [src/hotspot/share/interpreter/linkResolver.cpp, line 773]
Event: 3.259 Thread 0x00007f8324009000 Exception <a 'java/lang/NoSuchMethodError'{0x00000000aa3e0018}: 'int java.lang.invoke.DirectMethodHandle$Holder.invokeSpecialIFC(java.lang.Object, java.lang.Object, java.lang.Object, java.lang.Object)'> (0x00000000aa3e0018) thrown at [src/hotspot/share/interpreter/linkResolver.cpp, line 773]
Event: 3.262 Thread 0x00007f8324009000 Exception <a 'java/lang/NoSuchMethodError'{0x00000000aa3edd38}: 'java.lang.Object java.lang.invoke.DirectMethodHandle$Holder.invokeInterface(java.lang.Object, java.lang.Object, java.lang.Object)'> (0x00000000aa3edd38) thrown at [src/hotspot/share/interpreter/linkResolver.cpp, line 773]
Event: 3.263 Thread 0x00007f8324009000 Exception <a 'java/lang/IncompatibleClassChangeError'{0x00000000aa3f1210}: Found class java.lang.Object, but interface was expected> (0x00000000aa3f1210) thrown at [src/hotspot/share/interpreter/linkResolver.cpp, line 839]
Event: 3.347 Thread 0x00007f8324009000 Exception <a 'java/lang/NoSuchMethodError'{0x00000000a9e39a30}: 'void java.lang.invoke.DirectMethodHandle$Holder.invokeSpecial(java.lang.Object, java.lang.Object)'> (0x00000000a9e39a30) thrown at [src/hotspot/share/interpreter/linkResolver.cpp, line 773]
Event: 3.653 Thread 0x00007f8324009000 Exception <a 'java/lang/NoSuchMethodError'{0x00000000aed70868}: 'java.lang.Object java.lang.invoke.DirectMethodHandle$Holder.invokeVirtual(java.lang.Object, java.lang.Object, java.lang.Object, java.lang.Object)'> (0x00000000aed70868) thrown at [src/hotspot/share/interpreter/linkResolver.cpp, line 773]
Event: 4.007 Thread 0x00007f8324009000 Exception <a 'java/lang/NoSuchMethodError'{0x00000000aeb6b060}: 'void java.lang.invoke.DirectMethodHandle$Holder.invokeSpecial(java.lang.Object, java.lang.Object, java.lang.Object, java.lang.Object, java.lang.Object, java.lang.Object)'> (0x00000000aeb6b060) thrown at [src/hotspot/share/interpreter/linkResolver.cpp, line 773]
Event: 4.061 Thread 0x00007f8324009000 Exception <a 'java/lang/NoSuchMethodError'{0x00000000ae9fb0c0}: 'java.lang.Object java.lang.invoke.Invokers$Holder.invoker(java.lang.Object, java.lang.Object, java.lang.Object)'> (0x00000000ae9fb0c0) thrown at [src/hotspot/share/interpreter/linkResolver.cpp, line 773]
Event: 4.112 Thread 0x00007f8324009000 Exception <a 'java/lang/NoSuchMethodError'{0x00000000ae8ed920}: 'void java.lang.invoke.DirectMethodHandle$Holder.invokeSpecial(java.lang.Object, java.lang.Object, java.lang.Object, java.lang.Object, java.lang.Object, java.lang.Object, java.lang.Object)'> (0x00000000ae8ed920) thrown at [src/hotspot/share/interpreter/linkResolver.cpp, line 773]
Event: 4.113 Thread 0x00007f8324009000 Exception <a 'java/lang/NoSuchMethodError'{0x00000000ae8f5b68}: 'java.lang.Object java.lang.invoke.Invokers$Holder.linkToTargetMethod(java.lang.Object, java.lang.Object, java.lang.Object, java.lang.Object, java.lang.Object, java.lang.Object)'> (0x00000000ae8f5b68) thrown at [src/hotspot/share/interpreter/linkResolver.cpp, line 773]
Event: 4.141 Thread 0x00007f8324009000 Exception <a 'java/lang/NoSuchMethodError'{0x00000000ae62f390}: 'java.lang.Object java.lang.invoke.DirectMethodHandle$Holder.invokeVirtual(java.lang.Object, java.lang.Object, java.lang.Object, java.lang.Object, java.lang.Object, java.lang.Object, java.lang.Object, java.lang.Object, java.lang.Object, java.lang.Object, java.lang.Object, java.lang.Object, java.lang.Object, java.lang.Object, java.lang.Object, java.lang.Object, java.lang.Object)'> (0x00000000ae62f390) thrown at [src/hotspot/share/interpreter/li
Event: 4.152 Thread 0x00007f8324009000 Exception <a 'java/lang/NoSuchMethodError'{0x00000000ae65f8e8}: 'java.lang.Object java.lang.invoke.DirectMethodHandle$Holder.invokeSpecial(java.lang.Object, java.lang.Object, java.lang.Object, java.lang.Object, java.lang.Object, java.lang.Object, java.lang.Object, java.lang.Object, java.lang.Object)'> (0x00000000ae65f8e8) thrown at [src/hotspot/share/interpreter/linkResolver.cpp, line 773]

Events (20 events):
Event: 4.178 loading class org/gradle/language/nativeplatform/internal/incremental/sourceparser/CSourceParser
Event: 4.178 loading class org/gradle/language/nativeplatform/internal/incremental/sourceparser/CSourceParser done
Event: 4.179 loading class org/gradle/cache/internal/FileContentCacheFactory$Calculator
Event: 4.179 loading class org/gradle/cache/internal/FileContentCacheFactory$Calculator done
Event: 4.179 loading class org/gradle/configurationcache/ConfigurationCacheRepository
Event: 4.179 loading class org/gradle/configurationcache/ConfigurationCacheRepository done
Event: 4.180 loading class org/gradle/configurationcache/ConfigurationCacheHost
Event: 4.180 loading class org/gradle/configurationcache/ConfigurationCacheHost done
Event: 4.181 loading class org/gradle/configurationcache/DefaultConfigurationCache$Host
Event: 4.181 loading class org/gradle/configurationcache/DefaultConfigurationCache$Host done
Event: 4.186 loading class org/gradle/configurationcache/DefaultConfigurationCache
Event: 4.186 loading class org/gradle/configurationcache/DefaultConfigurationCache done
Event: 4.188 loading class org/gradle/initialization/ConfigurationCache
Event: 4.188 loading class org/gradle/initialization/ConfigurationCache done
Event: 4.191 loading class org/gradle/internal/concurrent/CompositeStoppable$2
Event: 4.191 loading class org/gradle/internal/concurrent/CompositeStoppable$2 done
Event: 4.192 loading class org/gradle/api/internal/project/BuildOperationCrossProjectConfigurator
Event: 4.192 loading class org/gradle/api/internal/project/BuildOperationCrossProjectConfigurator done
Event: 4.201 loading class org/gradle/api/internal/WithMutationGuard
Event: 4.201 loading class org/gradle/api/internal/WithMutationGuard done


Dynamic libraries:
00400000-00401000 r-xp 00000000 08:02 14954551                           /opt/android-studio/jre/bin/java
00600000-00601000 r--p 00000000 08:02 14954551                           /opt/android-studio/jre/bin/java
00601000-00602000 rw-p 00001000 08:02 14954551                           /opt/android-studio/jre/bin/java
01470000-01491000 rw-p 00000000 00:00 0                                  [heap]
a0000000-af600000 rw-p 00000000 00:00 0 
af600000-100000000 ---p 00000000 00:00 0 
100000000-100340000 rw-p 00000000 00:00 0 
100340000-140000000 ---p 00000000 00:00 0 
7f830c000000-7f830c021000 rw-p 00000000 00:00 0 
7f830c021000-7f8310000000 ---p 00000000 00:00 0 
7f8310000000-7f8310021000 rw-p 00000000 00:00 0 
7f8310021000-7f8314000000 ---p 00000000 00:00 0 
7f8314000000-7f8314021000 rw-p 00000000 00:00 0 
7f8314021000-7f8318000000 ---p 00000000 00:00 0 
7f8318000000-7f8318021000 rw-p 00000000 00:00 0 
7f8318021000-7f831c000000 ---p 00000000 00:00 0 
7f831c000000-7f831c021000 rw-p 00000000 00:00 0 
7f831c021000-7f8320000000 ---p 00000000 00:00 0 
7f8320000000-7f832062b000 rw-p 00000000 00:00 0 
7f832062b000-7f8324000000 ---p 00000000 00:00 0 
7f8324000000-7f8324021000 rw-p 00000000 00:00 0 
7f8324021000-7f8328000000 ---p 00000000 00:00 0 
7f8328000000-7f8328021000 rw-p 00000000 00:00 0 
7f8328021000-7f832c000000 ---p 00000000 00:00 0 
7f832c000000-7f832c052000 rw-p 00000000 00:00 0 
7f832c052000-7f8330000000 ---p 00000000 00:00 0 
7f8330000000-7f8330021000 rw-p 00000000 00:00 0 
7f8330021000-7f8334000000 ---p 00000000 00:00 0 
7f8334000000-7f8334021000 rw-p 00000000 00:00 0 
7f8334021000-7f8338000000 ---p 00000000 00:00 0 
7f8338000000-7f8338021000 rw-p 00000000 00:00 0 
7f8338021000-7f833c000000 ---p 00000000 00:00 0 
7f833e4a8000-7f833e7b0000 rw-p 00000000 00:00 0 
7f833e7b0000-7f833e8f0000 ---p 00000000 00:00 0 
7f833e8f0000-7f833eadc000 rw-p 00000000 00:00 0 
7f833eadc000-7f833eaf0000 ---p 00000000 00:00 0 
7f833eaf0000-7f833eaf4000 ---p 00000000 00:00 0 
7f833eaf4000-7f833ebf1000 rw-p 00000000 00:00 0 
7f833ebf1000-7f833ebf5000 ---p 00000000 00:00 0 
7f833ebf5000-7f833ecf2000 rw-p 00000000 00:00 0 
7f833ecf2000-7f833ecf6000 ---p 00000000 00:00 0 
7f833ecf6000-7f833eff3000 rw-p 00000000 00:00 0 
7f833eff3000-7f833eff7000 ---p 00000000 00:00 0 
7f833eff7000-7f833f0f4000 rw-p 00000000 00:00 0 
7f833f0f4000-7f833f0f8000 ---p 00000000 00:00 0 
7f833f0f8000-7f833f1f5000 rw-p 00000000 00:00 0 
7f833f1f5000-7f833f1f9000 ---p 00000000 00:00 0 
7f833f1f9000-7f833f2f6000 rw-p 00000000 00:00 0 
7f833f2f6000-7f833f2fa000 ---p 00000000 00:00 0 
7f833f2fa000-7f833f3f7000 rw-p 00000000 00:00 0 
7f833f3f7000-7f833f3fb000 ---p 00000000 00:00 0 
7f833f3fb000-7f833f6f8000 rw-p 00000000 00:00 0 
7f833f6f8000-7f833f6fc000 ---p 00000000 00:00 0 
7f833f6fc000-7f833f7f9000 rw-p 00000000 00:00 0 
7f833f7f9000-7f833f7fd000 ---p 00000000 00:00 0 
7f833f7fd000-7f833f8fa000 rw-p 00000000 00:00 0 
7f833f8fa000-7f833f8fe000 ---p 00000000 00:00 0 
7f833f8fe000-7f833f9fb000 rw-p 00000000 00:00 0 
7f833f9fb000-7f833f9ff000 ---p 00000000 00:00 0 
7f833f9ff000-7f833fafc000 rw-p 00000000 00:00 0 
7f833fafc000-7f833fafe000 r-xp 00000000 08:02 14954852                   /opt/android-studio/jre/lib/libextnet.so
7f833fafe000-7f833fcfd000 ---p 00002000 08:02 14954852                   /opt/android-studio/jre/lib/libextnet.so
7f833fcfd000-7f833fcfe000 r--p 00001000 08:02 14954852                   /opt/android-studio/jre/lib/libextnet.so
7f833fcfe000-7f833fcff000 rw-p 00002000 08:02 14954852                   /opt/android-studio/jre/lib/libextnet.so
7f833fcff000-7f833feff000 rw-p 00000000 00:00 0 
7f833feff000-7f833ff03000 ---p 00000000 00:00 0 
7f833ff03000-7f8340000000 rw-p 00000000 00:00 0 
7f8340000000-7f8340021000 rw-p 00000000 00:00 0 
7f8340021000-7f8344000000 ---p 00000000 00:00 0 
7f8344000000-7f8344021000 rw-p 00000000 00:00 0 
7f8344021000-7f8348000000 ---p 00000000 00:00 0 
7f8348000000-7f8348021000 rw-p 00000000 00:00 0 
7f8348021000-7f834c000000 ---p 00000000 00:00 0 
7f834c000000-7f834d127000 rw-p 00000000 00:00 0 
7f834d127000-7f8350000000 ---p 00000000 00:00 0 
7f8350000000-7f8350021000 rw-p 00000000 00:00 0 
7f8350021000-7f8354000000 ---p 00000000 00:00 0 
7f8354000000-7f8354021000 rw-p 00000000 00:00 0 
7f8354021000-7f8358000000 ---p 00000000 00:00 0 
7f8358000000-7f8358f5f000 rw-p 00000000 00:00 0 
7f8358f5f000-7f835c000000 ---p 00000000 00:00 0 
7f835c000000-7f835c56c000 rw-p 00000000 00:00 0 
7f835c56c000-7f8360000000 ---p 00000000 00:00 0 
7f8360000000-7f8360021000 rw-p 00000000 00:00 0 
7f8360021000-7f8364000000 ---p 00000000 00:00 0 
7f8364000000-7f8364021000 rw-p 00000000 00:00 0 
7f8364021000-7f8368000000 ---p 00000000 00:00 0 
7f8368000000-7f8368021000 rw-p 00000000 00:00 0 
7f8368021000-7f836c000000 ---p 00000000 00:00 0 
7f836c000000-7f836c021000 rw-p 00000000 00:00 0 
7f836c021000-7f8370000000 ---p 00000000 00:00 0 
7f8370000000-7f8370021000 rw-p 00000000 00:00 0 
7f8370021000-7f8374000000 ---p 00000000 00:00 0 
7f8374000000-7f8374021000 rw-p 00000000 00:00 0 
7f8374021000-7f8378000000 ---p 00000000 00:00 0 
7f8378000000-7f8378021000 rw-p 00000000 00:00 0 
7f8378021000-7f837c000000 ---p 00000000 00:00 0 
7f837c000000-7f837c021000 rw-p 00000000 00:00 0 
7f837c021000-7f8380000000 ---p 00000000 00:00 0 
7f838001b000-7f8380020000 r-xp 00000000 08:02 14954869                   /opt/android-studio/jre/lib/libmanagement_ext.so
7f8380020000-7f838021f000 ---p 00005000 08:02 14954869                   /opt/android-studio/jre/lib/libmanagement_ext.so
7f838021f000-7f8380220000 r--p 00004000 08:02 14954869                   /opt/android-studio/jre/lib/libmanagement_ext.so
7f8380220000-7f8380221000 rw-p 00005000 08:02 14954869                   /opt/android-studio/jre/lib/libmanagement_ext.so
7f8380221000-7f8380225000 r-xp 00000000 08:02 14954867                   /opt/android-studio/jre/lib/libmanagement.so
7f8380225000-7f8380424000 ---p 00004000 08:02 14954867                   /opt/android-studio/jre/lib/libmanagement.so
7f8380424000-7f8380425000 r--p 00003000 08:02 14954867                   /opt/android-studio/jre/lib/libmanagement.so
7f8380425000-7f8380426000 rw-p 00004000 08:02 14954867                   /opt/android-studio/jre/lib/libmanagement.so
7f8380426000-7f8380626000 rw-p 00000000 00:00 0 
7f8380626000-7f8380826000 rw-p 00000000 00:00 0 
7f8380826000-7f83808bf000 r--p 00000000 08:02 14684330                   /usr/lib/libstdc++.so.6.0.29
7f83808bf000-7f83809bf000 r-xp 00099000 08:02 14684330                   /usr/lib/libstdc++.so.6.0.29
7f83809bf000-7f8380a2b000 r--p 00199000 08:02 14684330                   /usr/lib/libstdc++.so.6.0.29
7f8380a2b000-7f8380a38000 r--p 00204000 08:02 14684330                   /usr/lib/libstdc++.so.6.0.29
7f8380a38000-7f8380a39000 rw-p 00211000 08:02 14684330                   /usr/lib/libstdc++.so.6.0.29
7f8380a39000-7f8380a3c000 rw-p 00000000 00:00 0 
7f8380a3c000-7f8380a8e000 r-xp 00000000 08:02 6699984                    /home/victor/.gradle/native/12488b8bf47d2d4c9fbf2f6322a914ad602e24e48041cd04a747c6da556b65c4/linux-amd64/libnative-platform-file-events.so
7f8380a8e000-7f8380c8d000 ---p 00052000 08:02 6699984                    /home/victor/.gradle/native/12488b8bf47d2d4c9fbf2f6322a914ad602e24e48041cd04a747c6da556b65c4/linux-amd64/libnative-platform-file-events.so
7f8380c8d000-7f8380c8e000 r--p 00051000 08:02 6699984                    /home/victor/.gradle/native/12488b8bf47d2d4c9fbf2f6322a914ad602e24e48041cd04a747c6da556b65c4/linux-amd64/libnative-platform-file-events.so
7f8380c8e000-7f8380c90000 rw-p 00052000 08:02 6699984                    /home/victor/.gradle/native/12488b8bf47d2d4c9fbf2f6322a914ad602e24e48041cd04a747c6da556b65c4/linux-amd64/libnative-platform-file-events.so
7f8380c90000-7f8380c95000 r-xp 00000000 08:02 6699982                    /home/victor/.gradle/native/fdc75f09e3144964f2cf3f50f0aa648679c211496f362492102eb8c894070792/linux-amd64/libnative-platform.so
7f8380c95000-7f8380e95000 ---p 00005000 08:02 6699982                    /home/victor/.gradle/native/fdc75f09e3144964f2cf3f50f0aa648679c211496f362492102eb8c894070792/linux-amd64/libnative-platform.so
7f8380e95000-7f8380e96000 r--p 00005000 08:02 6699982                    /home/victor/.gradle/native/fdc75f09e3144964f2cf3f50f0aa648679c211496f362492102eb8c894070792/linux-amd64/libnative-platform.so
7f8380e96000-7f8380e97000 rw-p 00006000 08:02 6699982                    /home/victor/.gradle/native/fdc75f09e3144964f2cf3f50f0aa648679c211496f362492102eb8c894070792/linux-amd64/libnative-platform.so
7f8380e97000-7f8380e98000 ---p 00000000 00:00 0 
7f8380e98000-7f8380f99000 rw-p 00000000 00:00 0 
7f8380f99000-7f8380f9a000 ---p 00000000 00:00 0 
7f8380f9a000-7f838109b000 rw-p 00000000 00:00 0 
7f838109b000-7f838109c000 ---p 00000000 00:00 0 
7f838109c000-7f838119d000 rw-p 00000000 00:00 0 
7f838119d000-7f83811a1000 ---p 00000000 00:00 0 
7f83811a1000-7f838129e000 rw-p 00000000 00:00 0 
7f838129e000-7f83812b2000 r-xp 00000000 08:02 14954871                   /opt/android-studio/jre/lib/libnet.so
7f83812b2000-7f83814b1000 ---p 00014000 08:02 14954871                   /opt/android-studio/jre/lib/libnet.so
7f83814b1000-7f83814b2000 r--p 00013000 08:02 14954871                   /opt/android-studio/jre/lib/libnet.so
7f83814b2000-7f83814b3000 rw-p 00014000 08:02 14954871                   /opt/android-studio/jre/lib/libnet.so
7f83814b3000-7f83814c2000 r-xp 00000000 08:02 14954872                   /opt/android-studio/jre/lib/libnio.so
7f83814c2000-7f83816c1000 ---p 0000f000 08:02 14954872                   /opt/android-studio/jre/lib/libnio.so
7f83816c1000-7f83816c2000 r--p 0000e000 08:02 14954872                   /opt/android-studio/jre/lib/libnio.so
7f83816c2000-7f83816c3000 rw-p 0000f000 08:02 14954872                   /opt/android-studio/jre/lib/libnio.so
7f83816c3000-7f83816c4000 ---p 00000000 00:00 0 
7f83816c4000-7f83817c5000 rw-p 00000000 00:00 0 
7f83817c5000-7f83817c9000 ---p 00000000 00:00 0 
7f83817c9000-7f83818c6000 rw-p 00000000 00:00 0 
7f83818c6000-7f83818ca000 ---p 00000000 00:00 0 
7f83818ca000-7f83819c7000 rw-p 00000000 00:00 0 
7f83819c7000-7f83819cb000 ---p 00000000 00:00 0 
7f83819cb000-7f8381ac8000 rw-p 00000000 00:00 0 
7f8381ac8000-7f8381acc000 ---p 00000000 00:00 0 
7f8381acc000-7f8381bc9000 rw-p 00000000 00:00 0 
7f8381bc9000-7f8381bcd000 ---p 00000000 00:00 0 
7f8381bcd000-7f8381cca000 rw-p 00000000 00:00 0 
7f8381cca000-7f8382000000 r--p 00000000 08:02 14721562                   /usr/lib/locale/locale-archive
7f8382000000-7f8384000000 rw-p 00000000 00:00 0 
7f8384000000-7f8384021000 rw-p 00000000 00:00 0 
7f8384021000-7f8388000000 ---p 00000000 00:00 0 
7f838802e000-7f8388031000 r--p 00000000 08:02 14684297                   /usr/lib/libgcc_s.so.1
7f8388031000-7f8388043000 r-xp 00003000 08:02 14684297                   /usr/lib/libgcc_s.so.1
7f8388043000-7f8388046000 r--p 00015000 08:02 14684297                   /usr/lib/libgcc_s.so.1
7f8388046000-7f8388047000 ---p 00018000 08:02 14684297                   /usr/lib/libgcc_s.so.1
7f8388047000-7f8388048000 r--p 00018000 08:02 14684297                   /usr/lib/libgcc_s.so.1
7f8388048000-7f8388049000 rw-p 00019000 08:02 14684297                   /usr/lib/libgcc_s.so.1
7f8388080000-7f83880b1000 rw-p 00000000 00:00 0 
7f83880b1000-7f83880b5000 ---p 00000000 00:00 0 
7f83880b5000-7f83881b2000 rw-p 00000000 00:00 0 
7f83881b2000-7f83881b6000 ---p 00000000 00:00 0 
7f83881b6000-7f83882b3000 rw-p 00000000 00:00 0 
7f83882b3000-7f83882b7000 ---p 00000000 00:00 0 
7f83882b7000-7f83883b4000 rw-p 00000000 00:00 0 
7f83883b4000-7f83883b5000 ---p 00000000 00:00 0 
7f83883b5000-7f8388dba000 rw-p 00000000 00:00 0 
7f8388dba000-7f8388dfc000 rw-p 00000000 00:00 0 
7f8388dfc000-7f8388dfd000 ---p 00000000 00:00 0 
7f8388dfd000-7f8388efe000 rw-p 00000000 00:00 0 
7f8388efe000-7f8388eff000 ---p 00000000 00:00 0 
7f8388eff000-7f83893d8000 rw-p 00000000 00:00 0 
7f83893d8000-7f838a800000 ---p 00000000 00:00 0 
7f838a800000-7f838abd8000 rw-p 00000000 00:00 0 
7f838abd8000-7f838c000000 ---p 00000000 00:00 0 
7f838c000000-7f838c021000 rw-p 00000000 00:00 0 
7f838c021000-7f8390000000 ---p 00000000 00:00 0 
7f8390005000-7f8390409000 rw-p 00000000 00:00 0 
7f8390409000-7f839040a000 ---p 00000000 00:00 0 
7f839040a000-7f839050b000 rw-p 00000000 00:00 0 
7f839050b000-7f839050c000 ---p 00000000 00:00 0 
7f839050c000-7f83906bc000 rw-p 00000000 00:00 0 
7f83906bc000-7f8390941000 ---p 00000000 00:00 0 
7f8390941000-7f83909bc000 rw-p 00000000 00:00 0 
7f83909bc000-7f8390c41000 ---p 00000000 00:00 0 
7f8390c41000-7f8390cbc000 rw-p 00000000 00:00 0 
7f8390cbc000-7f8390f41000 ---p 00000000 00:00 0 
7f8390f41000-7f8391345000 rw-p 00000000 00:00 0 
7f8391345000-7f8391346000 ---p 00000000 00:00 0 
7f8391346000-7f839144c000 rw-p 00000000 00:00 0 
7f839144c000-7f8391532000 ---p 00000000 00:00 0 
7f8391532000-7f83917a2000 rwxp 00000000 00:00 0 
7f83917a2000-7f8391ac2000 ---p 00000000 00:00 0 
7f8391ac2000-7f8391ea2000 rwxp 00000000 00:00 0 
7f8391ea2000-7f8398ffa000 ---p 00000000 00:00 0 
7f8398ffa000-7f839926a000 rwxp 00000000 00:00 0 
7f839926a000-7f83a0532000 ---p 00000000 00:00 0 
7f83a0532000-7f83a4000000 r--s 00000000 08:02 14954882                   /opt/android-studio/jre/lib/modules
7f83a4000000-7f83a53a2000 rw-p 00000000 00:00 0 
7f83a53a2000-7f83a8000000 ---p 00000000 00:00 0 
7f83a8017000-7f83a801f000 rw-p 00000000 00:00 0 
7f83a801f000-7f83a8102000 ---p 00000000 00:00 0 
7f83a8102000-7f83a811e000 r-xp 00000000 08:02 14954881                   /opt/android-studio/jre/lib/libzip.so
7f83a811e000-7f83a831d000 ---p 0001c000 08:02 14954881                   /opt/android-studio/jre/lib/libzip.so
7f83a831d000-7f83a831e000 r--p 0001b000 08:02 14954881                   /opt/android-studio/jre/lib/libzip.so
7f83a831e000-7f83a831f000 rw-p 0001c000 08:02 14954881                   /opt/android-studio/jre/lib/libzip.so
7f83a831f000-7f83a833c000 r-xp 00000000 08:02 14954863                   /opt/android-studio/jre/lib/libjimage.so
7f83a833c000-7f83a853b000 ---p 0001d000 08:02 14954863                   /opt/android-studio/jre/lib/libjimage.so
7f83a853b000-7f83a853d000 r--p 0001c000 08:02 14954863                   /opt/android-studio/jre/lib/libjimage.so
7f83a853d000-7f83a853e000 rw-p 0001e000 08:02 14954863                   /opt/android-studio/jre/lib/libjimage.so
7f83a853e000-7f83a8550000 rw-p 00000000 00:00 0 
7f83a8550000-7f83a8575000 r-xp 00000000 08:02 14954859                   /opt/android-studio/jre/lib/libjava.so
7f83a8575000-7f83a8775000 ---p 00025000 08:02 14954859                   /opt/android-studio/jre/lib/libjava.so
7f83a8775000-7f83a8776000 r--p 00025000 08:02 14954859                   /opt/android-studio/jre/lib/libjava.so
7f83a8776000-7f83a8777000 rw-p 00026000 08:02 14954859                   /opt/android-studio/jre/lib/libjava.so
7f83a8777000-7f83a8784000 r-xp 00000000 08:02 14954880                   /opt/android-studio/jre/lib/libverify.so
7f83a8784000-7f83a8984000 ---p 0000d000 08:02 14954880                   /opt/android-studio/jre/lib/libverify.so
7f83a8984000-7f83a8986000 r--p 0000d000 08:02 14954880                   /opt/android-studio/jre/lib/libverify.so
7f83a8986000-7f83a8987000 rw-p 0000f000 08:02 14954880                   /opt/android-studio/jre/lib/libverify.so
7f83a8987000-7f83a898a000 r--p 00000000 08:02 14683582                   /usr/lib/librt-2.33.so
7f83a898a000-7f83a898e000 r-xp 00003000 08:02 14683582                   /usr/lib/librt-2.33.so
7f83a898e000-7f83a8990000 r--p 00007000 08:02 14683582                   /usr/lib/librt-2.33.so
7f83a8990000-7f83a8991000 r--p 00008000 08:02 14683582                   /usr/lib/librt-2.33.so
7f83a8991000-7f83a8992000 rw-p 00009000 08:02 14683582                   /usr/lib/librt-2.33.so
7f83a8992000-7f83a8996000 ---p 00000000 00:00 0 
7f83a8996000-7f83a8a93000 rw-p 00000000 00:00 0 
7f83a8a93000-7f83a8aa2000 r--p 00000000 08:02 14683526                   /usr/lib/libm-2.33.so
7f83a8aa2000-7f83a8b3c000 r-xp 0000f000 08:02 14683526                   /usr/lib/libm-2.33.so
7f83a8b3c000-7f83a8bd4000 r--p 000a9000 08:02 14683526                   /usr/lib/libm-2.33.so
7f83a8bd4000-7f83a8bd5000 ---p 00141000 08:02 14683526                   /usr/lib/libm-2.33.so
7f83a8bd5000-7f83a8bd6000 r--p 00141000 08:02 14683526                   /usr/lib/libm-2.33.so
7f83a8bd6000-7f83a8bd7000 rw-p 00142000 08:02 14683526                   /usr/lib/libm-2.33.so
7f83a8bd7000-7f83a9b03000 r-xp 00000000 08:02 14954891                   /opt/android-studio/jre/lib/server/libjvm.so
7f83a9b03000-7f83a9d03000 ---p 00f2c000 08:02 14954891                   /opt/android-studio/jre/lib/server/libjvm.so
7f83a9d03000-7f83a9dc7000 r--p 00f2c000 08:02 14954891                   /opt/android-studio/jre/lib/server/libjvm.so
7f83a9dc7000-7f83a9dfe000 rw-p 00ff0000 08:02 14954891                   /opt/android-studio/jre/lib/server/libjvm.so
7f83a9dfe000-7f83a9e68000 rw-p 00000000 00:00 0 
7f83a9e68000-7f83a9e8e000 r--p 00000000 08:02 14683508                   /usr/lib/libc-2.33.so
7f83a9e8e000-7f83a9fd9000 r-xp 00026000 08:02 14683508                   /usr/lib/libc-2.33.so
7f83a9fd9000-7f83aa025000 r--p 00171000 08:02 14683508                   /usr/lib/libc-2.33.so
7f83aa025000-7f83aa028000 r--p 001bc000 08:02 14683508                   /usr/lib/libc-2.33.so
7f83aa028000-7f83aa02b000 rw-p 001bf000 08:02 14683508                   /usr/lib/libc-2.33.so
7f83aa02b000-7f83aa034000 rw-p 00000000 00:00 0 
7f83aa034000-7f83aa036000 r--p 00000000 08:02 14683520                   /usr/lib/libdl-2.33.so
7f83aa036000-7f83aa038000 r-xp 00002000 08:02 14683520                   /usr/lib/libdl-2.33.so
7f83aa038000-7f83aa039000 r--p 00004000 08:02 14683520                   /usr/lib/libdl-2.33.so
7f83aa039000-7f83aa03a000 r--p 00004000 08:02 14683520                   /usr/lib/libdl-2.33.so
7f83aa03a000-7f83aa03b000 rw-p 00005000 08:02 14683520                   /usr/lib/libdl-2.33.so
7f83aa03b000-7f83aa051000 r-xp 00000000 08:02 14954843                   /opt/android-studio/jre/lib/jli/libjli.so
7f83aa051000-7f83aa250000 ---p 00016000 08:02 14954843                   /opt/android-studio/jre/lib/jli/libjli.so
7f83aa250000-7f83aa251000 r--p 00015000 08:02 14954843                   /opt/android-studio/jre/lib/jli/libjli.so
7f83aa251000-7f83aa252000 rw-p 00016000 08:02 14954843                   /opt/android-studio/jre/lib/jli/libjli.so
7f83aa252000-7f83aa259000 r--p 00000000 08:02 14683572                   /usr/lib/libpthread-2.33.so
7f83aa259000-7f83aa268000 r-xp 00007000 08:02 14683572                   /usr/lib/libpthread-2.33.so
7f83aa268000-7f83aa26c000 r--p 00016000 08:02 14683572                   /usr/lib/libpthread-2.33.so
7f83aa26c000-7f83aa26d000 ---p 0001a000 08:02 14683572                   /usr/lib/libpthread-2.33.so
7f83aa26d000-7f83aa26e000 r--p 0001a000 08:02 14683572                   /usr/lib/libpthread-2.33.so
7f83aa26e000-7f83aa26f000 rw-p 0001b000 08:02 14683572                   /usr/lib/libpthread-2.33.so
7f83aa26f000-7f83aa275000 rw-p 00000000 00:00 0 
7f83aa282000-7f83aa287000 rw-p 00000000 00:00 0 
7f83aa287000-7f83aa28e000 ---p 00000000 00:00 0 
7f83aa28e000-7f83aa296000 rw-s 00000000 00:23 91                         /tmp/hsperfdata_victor/3532
7f83aa296000-7f83aa299000 r--p 00000000 08:02 14683557                   /usr/lib/libnss_files-2.33.so
7f83aa299000-7f83aa2a0000 r-xp 00003000 08:02 14683557                   /usr/lib/libnss_files-2.33.so
7f83aa2a0000-7f83aa2a2000 r--p 0000a000 08:02 14683557                   /usr/lib/libnss_files-2.33.so
7f83aa2a2000-7f83aa2a3000 r--p 0000b000 08:02 14683557                   /usr/lib/libnss_files-2.33.so
7f83aa2a3000-7f83aa2a4000 rw-p 0000c000 08:02 14683557                   /usr/lib/libnss_files-2.33.so
7f83aa2a4000-7f83aa2aa000 rw-p 00000000 00:00 0 
7f83aa2aa000-7f83aa2ab000 ---p 00000000 00:00 0 
7f83aa2ab000-7f83aa2ac000 r--p 00000000 00:00 0 
7f83aa2ac000-7f83aa2ad000 r--p 00000000 08:02 14683493                   /usr/lib/ld-2.33.so
7f83aa2ad000-7f83aa2d1000 r-xp 00001000 08:02 14683493                   /usr/lib/ld-2.33.so
7f83aa2d1000-7f83aa2da000 r--p 00025000 08:02 14683493                   /usr/lib/ld-2.33.so
7f83aa2da000-7f83aa2dc000 r--p 0002d000 08:02 14683493                   /usr/lib/ld-2.33.so
7f83aa2dc000-7f83aa2de000 rw-p 0002f000 08:02 14683493                   /usr/lib/ld-2.33.so
7ffc35438000-7ffc35459000 rw-p 00000000 00:00 0                          [stack]
7ffc35503000-7ffc35507000 r--p 00000000 00:00 0                          [vvar]
7ffc35507000-7ffc35509000 r-xp 00000000 00:00 0                          [vdso]
ffffffffff600000-ffffffffff601000 --xp 00000000 00:00 0                  [vsyscall]


VM Arguments:
jvm_args: --add-opens=java.base/java.util=ALL-UNNAMED --add-opens=java.base/java.lang=ALL-UNNAMED --add-opens=java.base/java.lang.invoke=ALL-UNNAMED --add-opens=java.prefs/java.util.prefs=ALL-UNNAMED -Xmx1536M -Dfile.encoding=UTF-8 -Duser.country=US -Duser.language=en -Duser.variant 
java_command: org.gradle.launcher.daemon.bootstrap.GradleDaemon 6.7
java_class_path (initial): /home/victor/.gradle/wrapper/dists/gradle-6.7-all/cuy9mc7upwgwgeb72wkcrupxe/gradle-6.7/lib/gradle-launcher-6.7.jar
Launcher Type: SUN_STANDARD

[Global flags]
     intx CICompilerCount                          = 3                                         {product} {ergonomic}
     uint ConcGCThreads                            = 1                                         {product} {ergonomic}
     uint G1ConcRefinementThreads                  = 4                                         {product} {ergonomic}
   size_t G1HeapRegionSize                         = 1048576                                   {product} {ergonomic}
    uintx GCDrainStackTargetSize                   = 64                                        {product} {ergonomic}
   size_t InitialHeapSize                          = 257949696                                 {product} {ergonomic}
   size_t MarkStackSize                            = 4194304                                   {product} {ergonomic}
   size_t MaxHeapSize                              = 1610612736                                {product} {command line}
   size_t MaxNewSize                               = 965738496                                 {product} {ergonomic}
   size_t MinHeapDeltaBytes                        = 1048576                                   {product} {ergonomic}
    uintx NonNMethodCodeHeapSize                   = 5830732                                {pd product} {ergonomic}
    uintx NonProfiledCodeHeapSize                  = 122913754                              {pd product} {ergonomic}
    uintx ProfiledCodeHeapSize                     = 122913754                              {pd product} {ergonomic}
    uintx ReservedCodeCacheSize                    = 251658240                              {pd product} {ergonomic}
     bool SegmentedCodeCache                       = true                                      {product} {ergonomic}
     bool UseCompressedClassPointers               = true                                 {lp64_product} {ergonomic}
     bool UseCompressedOops                        = true                                 {lp64_product} {ergonomic}
     bool UseG1GC                                  = true                                      {product} {ergonomic}

Logging:
Log output configuration:
 #0: stdout all=warning uptime,level,tags
 #1: stderr all=off uptime,level,tags

Environment Variables:
JAVA_HOME=/opt/android-studio/jre
PATH=/usr/local/bin:/usr/bin:/usr/local/sbin:/opt/flutter/bin:/usr/lib/jvm/default/bin:/usr/bin/site_perl:/usr/bin/vendor_perl:/usr/bin/core_perl:/opt/flutter/bin:/usr/lib/jvm/default/bin
USERNAME=victor
SHELL=/bin/zsh
DISPLAY=:0
LANG=en_US.UTF-8
LC_CTYPE=

Signal Handlers:
SIGSEGV: [libjvm.so+0xc2dd80], sa_mask[0]=11111111011111111101111111111110, sa_flags=SA_RESTART|SA_SIGINFO
SIGBUS: [libjvm.so+0xc2dd80], sa_mask[0]=11111111011111111101111111111110, sa_flags=SA_RESTART|SA_SIGINFO
SIGFPE: [libjvm.so+0xc2dd80], sa_mask[0]=11111111011111111101111111111110, sa_flags=SA_RESTART|SA_SIGINFO
SIGPIPE: [libjvm.so+0xa839f0], sa_mask[0]=11111111011111111101111111111110, sa_flags=SA_RESTART|SA_SIGINFO
SIGXFSZ: [libjvm.so+0xa839f0], sa_mask[0]=11111111011111111101111111111110, sa_flags=SA_RESTART|SA_SIGINFO
SIGILL: [libjvm.so+0xc2dd80], sa_mask[0]=11111111011111111101111111111110, sa_flags=SA_RESTART|SA_SIGINFO
SIGUSR2: [libjvm.so+0xa840d0], sa_mask[0]=00100000000000000000010000000000, sa_flags=SA_RESTART|SA_SIGINFO
SIGHUP: [libjvm.so+0xa80ac0], sa_mask[0]=11111111011111111101111111111110, sa_flags=SA_RESTART|SA_SIGINFO
SIGINT: [libjvm.so+0xa80ac0], sa_mask[0]=11111111011111111101111111111110, sa_flags=SA_RESTART|SA_SIGINFO
SIGTERM: [libjvm.so+0xa80ac0], sa_mask[0]=11111111011111111101111111111110, sa_flags=SA_RESTART|SA_SIGINFO
SIGQUIT: [libjvm.so+0xa80ac0], sa_mask[0]=11111111011111111101111111111110, sa_flags=SA_RESTART|SA_SIGINFO


---------------  S Y S T E M  ---------------

OS:NAME="Arch Linux"
PRETTY_NAME="Arch Linux"
ID=arch
BUILD_ID=rolling
ANSI_COLOR="38;2;23;147;209"
HOME_URL="https://archlinux.org/"
DOCUMENTATION_URL="https://wiki.archlinux.org/"
SUPPORT_URL="https://bbs.archlinux.org/"
BUG_REPORT_URL="https://bugs.archlinux.org/"
LOGO=archlinux-logo
uname:Linux 5.15.5-arch1-1 #1 SMP PREEMPT Thu, 25 Nov 2021 22:09:33 +0000 x86_64
OS uptime: 0 days 0:28 hours
libc:glibc 2.33 NPTL 2.33 
rlimit (soft/hard): STACK 8192k/infinity , CORE infinity/infinity , NPROC 62767/62767 , NOFILE 524288/524288 , AS infinity/infinity , CPU infinity/infinity , DATA infinity/infinity , FSIZE infinity/infinity , MEMLOCK 64k/64k
load average:4.57 1.80 1.22

/proc/meminfo:
MemTotal:       16083904 kB
MemFree:         3596448 kB
MemAvailable:    9347844 kB
Buffers:          305804 kB
Cached:          7391576 kB
SwapCached:            0 kB
Active:          1704904 kB
Inactive:        9266148 kB
Active(anon):     305096 kB
Inactive(anon):  5052640 kB
Active(file):    1399808 kB
Inactive(file):  4213508 kB
Unevictable:      787484 kB
Mlocked:               0 kB
SwapTotal:       8314876 kB
SwapFree:        8314876 kB
Dirty:              8028 kB
Writeback:             0 kB
AnonPages:       4061464 kB
Mapped:          2051504 kB
Shmem:           2083816 kB
KReclaimable:     465584 kB
Slab:             565080 kB
SReclaimable:     465584 kB
SUnreclaim:        99496 kB
KernelStack:       16672 kB
PageTables:        43660 kB
NFS_Unstable:          0 kB
Bounce:                0 kB
WritebackTmp:          0 kB
CommitLimit:    16356828 kB
Committed_AS:   16460964 kB
VmallocTotal:   34359738367 kB
VmallocUsed:       33680 kB
VmallocChunk:          0 kB
Percpu:             2864 kB
HardwareCorrupted:     0 kB
AnonHugePages:      2048 kB
ShmemHugePages:        0 kB
ShmemPmdMapped:        0 kB
FileHugePages:         0 kB
FilePmdMapped:         0 kB
CmaTotal:              0 kB
CmaFree:               0 kB
HugePages_Total:       0
HugePages_Free:        0
HugePages_Rsvd:        0
HugePages_Surp:        0
Hugepagesize:       2048 kB
Hugetlb:               0 kB
DirectMap4k:      246448 kB
DirectMap2M:    16224256 kB

/sys/kernel/mm/transparent_hugepage/enabled:
always [madvise] never
/sys/kernel/mm/transparent_hugepage/defrag (defrag/compaction efforts parameter):
always defer defer+madvise [madvise] never

/proc/sys/kernel/threads-max (system-wide limit on the number of threads):
125534
/proc/sys/vm/max_map_count (maximum number of memory map areas a process may have):
65530
/proc/sys/kernel/pid_max (system-wide limit on number of process identifiers):
4194304

Steal ticks since vm start: 0
Steal ticks percentage since vm start:  0.000

CPU:total 4 (initial active 4) (4 cores per cpu, 1 threads per core) family 6 model 42 stepping 7 microcode 0x25, cmov, cx8, fxsr, mmx, sse, sse2, sse3, ssse3, sse4.1, sse4.2, popcnt, avx, aes, clmul, tsc, tscinvbit
CPU Model and flags from /proc/cpuinfo:
model name	: Intel(R) Core(TM) i5-2500 CPU @ 3.30GHz
flags		: fpu vme de pse tsc msr pae mce cx8 apic sep mtrr pge mca cmov pat pse36 clflush dts acpi mmx fxsr sse sse2 ht tm pbe syscall nx rdtscp lm constant_tsc arch_perfmon pebs bts rep_good nopl xtopology nonstop_tsc cpuid aperfmperf pni pclmulqdq dtes64 monitor ds_cpl vmx smx est tm2 ssse3 cx16 xtpr pdcm pcid sse4_1 sse4_2 x2apic popcnt tsc_deadline_timer aes xsave avx lahf_lm epb pti tpr_shadow vnmi flexpriority ept vpid xsaveopt dtherm ida arat pln pts
Online cpus:
0-3
Offline cpus:

BIOS frequency limitation:
<Not Available>
Frequency switch latency (ns):
20000
Available cpu frequencies:
<Not Available>
Current governor:
schedutil
Core performance/turbo boost:
<Not Available>

Memory: 4k page, physical 16083904k(3596196k free), swap 8314876k(8314876k free)

vm_info: OpenJDK 64-Bit Server VM (11.0.10+0-b96-7249189) for linux-amd64 JRE (11.0.10+0-b96-7249189), built on Mar 31 2021 19:21:57 by "androidbuild" with gcc Android (6875598, based on r399163b) Clang 11.0.5 (https://android.googlesource.com/toolchain/llvm-project 87f1315dfbea7c137aa2e6d362dbb457e388158d)

END.
